[01-Jun-2021 06:31:04 UTC] PHP Warning:  An unexpected error occurred. Something may be wrong with WordPress.org or this server&#8217;s configuration. If you continue to have problems, please try the <a href="https://wordpress.org/support/forums/">support forums</a>. (WordPress could not establish a secure connection to WordPress.org. Please contact your server administrator.) in F:\xampp\htdocs\kcg\wp-includes\update.php on line 175
[01-Jun-2021 06:31:06 UTC] PHP Warning:  An unexpected error occurred. Something may be wrong with WordPress.org or this server&#8217;s configuration. If you continue to have problems, please try the <a href="https://wordpress.org/support/forums/">support forums</a>. (WordPress could not establish a secure connection to WordPress.org. Please contact your server administrator.) in F:\xampp\htdocs\kcg\wp-includes\update.php on line 410
[01-Jun-2021 06:31:12 UTC] PHP Warning:  An unexpected error occurred. Something may be wrong with WordPress.org or this server&#8217;s configuration. If you continue to have problems, please try the <a href="https://wordpress.org/support/forums/">support forums</a>. (WordPress could not establish a secure connection to WordPress.org. Please contact your server administrator.) in F:\xampp\htdocs\kcg\wp-includes\update.php on line 614
[01-Jun-2021 06:31:18 UTC] PHP Warning:  An unexpected error occurred. Something may be wrong with WordPress.org or this server&#8217;s configuration. If you continue to have problems, please try the <a href="https://wordpress.org/support/forums/">support forums</a>. (WordPress could not establish a secure connection to WordPress.org. Please contact your server administrator.) in F:\xampp\htdocs\kcg\wp-includes\update.php on line 614
[01-Jun-2021 06:31:32 UTC] PHP Warning:  An unexpected error occurred. Something may be wrong with WordPress.org or this server&#8217;s configuration. If you continue to have problems, please try the <a href="https://wordpress.org/support/forums/">support forums</a>. (WordPress could not establish a secure connection to WordPress.org. Please contact your server administrator.) in F:\xampp\htdocs\kcg\wp-includes\update.php on line 410
[01-Jun-2021 06:32:12 UTC] PHP Warning:  An unexpected error occurred. Something may be wrong with WordPress.org or this server&#8217;s configuration. If you continue to have problems, please try the <a href="https://wordpress.org/support/forums/">support forums</a>. (WordPress could not establish a secure connection to WordPress.org. Please contact your server administrator.) in F:\xampp\htdocs\kcg\wp-includes\update.php on line 410
[01-Jun-2021 06:54:33 UTC] PHP Notice:  Undefined index: pro_widgets in F:\xampp\htdocs\kcg\wp-content\plugins\elementor\includes\api.php on line 160
[01-Jun-2021 06:55:05 UTC] PHP Notice:  Undefined index: pro_widgets in F:\xampp\htdocs\kcg\wp-content\plugins\elementor\includes\api.php on line 160
[01-Jun-2021 07:01:12 UTC] PHP Notice:  Undefined index: pro_widgets in F:\xampp\htdocs\kcg\wp-content\plugins\elementor\includes\api.php on line 160
[01-Jun-2021 07:01:52 UTC] PHP Notice:  Undefined index: pro_widgets in F:\xampp\htdocs\kcg\wp-content\plugins\elementor\includes\api.php on line 160
[01-Jun-2021 07:09:44 UTC] PHP Notice:  Undefined index: pro_widgets in F:\xampp\htdocs\kcg\wp-content\plugins\elementor\includes\api.php on line 160
[01-Jun-2021 07:11:48 UTC] PHP Notice:  Undefined index: pro_widgets in F:\xampp\htdocs\kcg\wp-content\plugins\elementor\includes\api.php on line 160
[01-Jun-2021 07:32:25 UTC] PHP Notice:  Undefined index: pro_widgets in F:\xampp\htdocs\kcg\wp-content\plugins\elementor\includes\api.php on line 160
[01-Jun-2021 07:36:05 UTC] PHP Notice:  Undefined index: pro_widgets in F:\xampp\htdocs\kcg\wp-content\plugins\elementor\includes\api.php on line 160
[01-Jun-2021 07:36:49 UTC] PHP Notice:  Undefined index: pro_widgets in F:\xampp\htdocs\kcg\wp-content\plugins\elementor\includes\api.php on line 160
[01-Jun-2021 07:38:29 UTC] PHP Notice:  Undefined index: pro_widgets in F:\xampp\htdocs\kcg\wp-content\plugins\elementor\includes\api.php on line 160
[01-Jun-2021 07:49:38 UTC] PHP Warning:  file_get_contents(F:\xampp\htdocs\kcg\wp-content\plugins\kcg-addons\assets\general\kcg.min.css): failed to open stream: No such file or directory in F:\xampp\htdocs\kcg\wp-content\plugins\kcg-addons\components\arise\class-arise.php on line 91
[01-Jun-2021 07:58:35 UTC] PHP Notice:  Undefined index: pro_widgets in F:\xampp\htdocs\kcg\wp-content\plugins\elementor\includes\api.php on line 160
[01-Jun-2021 14:59:50 UTC] PHP Parse error:  syntax error, unexpected end of file, expecting elseif (T_ELSEIF) or else (T_ELSE) or endif (T_ENDIF) in F:\xampp\htdocs\kcg\wp-content\themes\kcg\templates\kcg-default.php on line 74
[01-Jun-2021 15:01:44 UTC] PHP Fatal error:  Uncaught Error: Call to undefined function esc_hrtm__() in F:\xampp\htdocs\kcg\wp-content\themes\kcg\templates\kcg-default.php:58
Stack trace:
#0 F:\xampp\htdocs\kcg\wp-includes\template-loader.php(106): include()
#1 F:\xampp\htdocs\kcg\wp-blog-header.php(19): require_once('F:\\xampp\\htdocs...')
#2 F:\xampp\htdocs\kcg\index.php(17): require('F:\\xampp\\htdocs...')
#3 {main}
  thrown in F:\xampp\htdocs\kcg\wp-content\themes\kcg\templates\kcg-default.php on line 58
[01-Jun-2021 15:21:20 UTC] PHP Fatal error:  Uncaught Error: Call to undefined function esc_hrtm__() in F:\xampp\htdocs\kcg\wp-content\themes\kcg\templates\kcg-default.php:58
Stack trace:
#0 F:\xampp\htdocs\kcg\wp-includes\template-loader.php(106): include()
#1 F:\xampp\htdocs\kcg\wp-blog-header.php(19): require_once('F:\\xampp\\htdocs...')
#2 F:\xampp\htdocs\kcg\index.php(17): require('F:\\xampp\\htdocs...')
#3 {main}
  thrown in F:\xampp\htdocs\kcg\wp-content\themes\kcg\templates\kcg-default.php on line 58
[01-Jun-2021 15:21:20 UTC] PHP Fatal error:  Uncaught Error: Call to undefined function esc_hrtm__() in F:\xampp\htdocs\kcg\wp-content\themes\kcg\templates\kcg-default.php:15
Stack trace:
#0 F:\xampp\htdocs\kcg\wp-includes\template-loader.php(106): include()
#1 F:\xampp\htdocs\kcg\wp-blog-header.php(19): require_once('F:\\xampp\\htdocs...')
#2 F:\xampp\htdocs\kcg\index.php(17): require('F:\\xampp\\htdocs...')
#3 {main}
  thrown in F:\xampp\htdocs\kcg\wp-content\themes\kcg\templates\kcg-default.php on line 15
[01-Jun-2021 15:21:24 UTC] PHP Fatal error:  Uncaught Error: Call to undefined function esc_hrtm__() in F:\xampp\htdocs\kcg\wp-content\themes\kcg\templates\kcg-default.php:58
Stack trace:
#0 F:\xampp\htdocs\kcg\wp-includes\template-loader.php(106): include()
#1 F:\xampp\htdocs\kcg\wp-blog-header.php(19): require_once('F:\\xampp\\htdocs...')
#2 F:\xampp\htdocs\kcg\index.php(17): require('F:\\xampp\\htdocs...')
#3 {main}
  thrown in F:\xampp\htdocs\kcg\wp-content\themes\kcg\templates\kcg-default.php on line 58
[01-Jun-2021 15:21:35 UTC] PHP Fatal error:  Uncaught Error: Call to undefined function esc_hrtm__() in F:\xampp\htdocs\kcg\wp-content\themes\kcg\templates\kcg-default.php:58
Stack trace:
#0 F:\xampp\htdocs\kcg\wp-includes\template-loader.php(106): include()
#1 F:\xampp\htdocs\kcg\wp-blog-header.php(19): require_once('F:\\xampp\\htdocs...')
#2 F:\xampp\htdocs\kcg\index.php(17): require('F:\\xampp\\htdocs...')
#3 {main}
  thrown in F:\xampp\htdocs\kcg\wp-content\themes\kcg\templates\kcg-default.php on line 58
[01-Jun-2021 15:22:19 UTC] PHP Notice:  Trying to access array offset on value of type null in F:\xampp\htdocs\kcg\wp-content\plugins\kcg-addons\widgets\strategy\widget.php on line 395
[01-Jun-2021 15:22:19 UTC] PHP Notice:  Trying to access array offset on value of type null in F:\xampp\htdocs\kcg\wp-content\plugins\kcg-addons\widgets\strategy\widget.php on line 396
[01-Jun-2021 15:22:19 UTC] PHP Notice:  Trying to access array offset on value of type null in F:\xampp\htdocs\kcg\wp-content\plugins\kcg-addons\widgets\strategy\widget.php on line 395
[01-Jun-2021 15:22:19 UTC] PHP Notice:  Trying to access array offset on value of type null in F:\xampp\htdocs\kcg\wp-content\plugins\kcg-addons\widgets\strategy\widget.php on line 396
[01-Jun-2021 15:22:20 UTC] PHP Notice:  Trying to access array offset on value of type null in F:\xampp\htdocs\kcg\wp-content\plugins\kcg-addons\widgets\strategy\widget.php on line 395
[01-Jun-2021 15:22:20 UTC] PHP Notice:  Trying to access array offset on value of type null in F:\xampp\htdocs\kcg\wp-content\plugins\kcg-addons\widgets\strategy\widget.php on line 396
[01-Jun-2021 15:22:20 UTC] PHP Notice:  Trying to access array offset on value of type null in F:\xampp\htdocs\kcg\wp-content\plugins\kcg-addons\widgets\strategy\widget.php on line 395
[01-Jun-2021 15:22:20 UTC] PHP Notice:  Trying to access array offset on value of type null in F:\xampp\htdocs\kcg\wp-content\plugins\kcg-addons\widgets\strategy\widget.php on line 396
[01-Jun-2021 15:22:34 UTC] PHP Notice:  Trying to access array offset on value of type null in F:\xampp\htdocs\kcg\wp-content\plugins\kcg-addons\widgets\strategy\widget.php on line 395
[01-Jun-2021 15:22:34 UTC] PHP Notice:  Trying to access array offset on value of type null in F:\xampp\htdocs\kcg\wp-content\plugins\kcg-addons\widgets\strategy\widget.php on line 396
[01-Jun-2021 15:22:34 UTC] PHP Notice:  Trying to access array offset on value of type null in F:\xampp\htdocs\kcg\wp-content\plugins\kcg-addons\widgets\strategy\widget.php on line 395
[01-Jun-2021 15:22:34 UTC] PHP Notice:  Trying to access array offset on value of type null in F:\xampp\htdocs\kcg\wp-content\plugins\kcg-addons\widgets\strategy\widget.php on line 396
[01-Jun-2021 15:22:34 UTC] PHP Notice:  Trying to access array offset on value of type null in F:\xampp\htdocs\kcg\wp-content\plugins\kcg-addons\widgets\strategy\widget.php on line 395
[01-Jun-2021 15:22:34 UTC] PHP Notice:  Trying to access array offset on value of type null in F:\xampp\htdocs\kcg\wp-content\plugins\kcg-addons\widgets\strategy\widget.php on line 396
[01-Jun-2021 15:22:36 UTC] PHP Notice:  Trying to access array offset on value of type null in F:\xampp\htdocs\kcg\wp-content\plugins\kcg-addons\widgets\strategy\widget.php on line 395
[01-Jun-2021 15:22:36 UTC] PHP Notice:  Trying to access array offset on value of type null in F:\xampp\htdocs\kcg\wp-content\plugins\kcg-addons\widgets\strategy\widget.php on line 396
[01-Jun-2021 15:22:36 UTC] PHP Notice:  Trying to access array offset on value of type null in F:\xampp\htdocs\kcg\wp-content\plugins\kcg-addons\widgets\strategy\widget.php on line 395
[01-Jun-2021 15:22:36 UTC] PHP Notice:  Trying to access array offset on value of type null in F:\xampp\htdocs\kcg\wp-content\plugins\kcg-addons\widgets\strategy\widget.php on line 396
[01-Jun-2021 15:22:36 UTC] PHP Notice:  Trying to access array offset on value of type null in F:\xampp\htdocs\kcg\wp-content\plugins\kcg-addons\widgets\strategy\widget.php on line 395
[01-Jun-2021 15:22:36 UTC] PHP Notice:  Trying to access array offset on value of type null in F:\xampp\htdocs\kcg\wp-content\plugins\kcg-addons\widgets\strategy\widget.php on line 396
[01-Jun-2021 15:22:37 UTC] PHP Notice:  Trying to access array offset on value of type null in F:\xampp\htdocs\kcg\wp-content\plugins\kcg-addons\widgets\strategy\widget.php on line 395
[01-Jun-2021 15:22:37 UTC] PHP Notice:  Trying to access array offset on value of type null in F:\xampp\htdocs\kcg\wp-content\plugins\kcg-addons\widgets\strategy\widget.php on line 396
[01-Jun-2021 15:22:37 UTC] PHP Notice:  Trying to access array offset on value of type null in F:\xampp\htdocs\kcg\wp-content\plugins\kcg-addons\widgets\strategy\widget.php on line 395
[01-Jun-2021 15:22:37 UTC] PHP Notice:  Trying to access array offset on value of type null in F:\xampp\htdocs\kcg\wp-content\plugins\kcg-addons\widgets\strategy\widget.php on line 396
[01-Jun-2021 15:22:37 UTC] PHP Notice:  Trying to access array offset on value of type null in F:\xampp\htdocs\kcg\wp-content\plugins\kcg-addons\widgets\strategy\widget.php on line 395
[01-Jun-2021 15:22:37 UTC] PHP Notice:  Trying to access array offset on value of type null in F:\xampp\htdocs\kcg\wp-content\plugins\kcg-addons\widgets\strategy\widget.php on line 396
[01-Jun-2021 15:24:08 UTC] PHP Notice:  Trying to access array offset on value of type null in F:\xampp\htdocs\kcg\wp-content\plugins\kcg-addons\widgets\strategy\widget.php on line 395
[01-Jun-2021 15:24:08 UTC] PHP Notice:  Trying to access array offset on value of type null in F:\xampp\htdocs\kcg\wp-content\plugins\kcg-addons\widgets\strategy\widget.php on line 396
[01-Jun-2021 15:24:08 UTC] PHP Notice:  Trying to access array offset on value of type null in F:\xampp\htdocs\kcg\wp-content\plugins\kcg-addons\widgets\strategy\widget.php on line 395
[01-Jun-2021 15:24:08 UTC] PHP Notice:  Trying to access array offset on value of type null in F:\xampp\htdocs\kcg\wp-content\plugins\kcg-addons\widgets\strategy\widget.php on line 396
[01-Jun-2021 15:24:08 UTC] PHP Notice:  Trying to access array offset on value of type null in F:\xampp\htdocs\kcg\wp-content\plugins\kcg-addons\widgets\strategy\widget.php on line 395
[01-Jun-2021 15:24:08 UTC] PHP Notice:  Trying to access array offset on value of type null in F:\xampp\htdocs\kcg\wp-content\plugins\kcg-addons\widgets\strategy\widget.php on line 396
[01-Jun-2021 15:24:48 UTC] PHP Notice:  Trying to access array offset on value of type null in F:\xampp\htdocs\kcg\wp-content\plugins\kcg-addons\widgets\strategy\widget.php on line 395
[01-Jun-2021 15:24:48 UTC] PHP Notice:  Trying to access array offset on value of type null in F:\xampp\htdocs\kcg\wp-content\plugins\kcg-addons\widgets\strategy\widget.php on line 396
[01-Jun-2021 15:24:48 UTC] PHP Notice:  Trying to access array offset on value of type null in F:\xampp\htdocs\kcg\wp-content\plugins\kcg-addons\widgets\strategy\widget.php on line 395
[01-Jun-2021 15:24:48 UTC] PHP Notice:  Trying to access array offset on value of type null in F:\xampp\htdocs\kcg\wp-content\plugins\kcg-addons\widgets\strategy\widget.php on line 396
[01-Jun-2021 15:24:48 UTC] PHP Notice:  Trying to access array offset on value of type null in F:\xampp\htdocs\kcg\wp-content\plugins\kcg-addons\widgets\strategy\widget.php on line 395
[01-Jun-2021 15:24:48 UTC] PHP Notice:  Trying to access array offset on value of type null in F:\xampp\htdocs\kcg\wp-content\plugins\kcg-addons\widgets\strategy\widget.php on line 396
[01-Jun-2021 15:24:51 UTC] PHP Notice:  Trying to access array offset on value of type null in F:\xampp\htdocs\kcg\wp-content\plugins\kcg-addons\widgets\strategy\widget.php on line 395
[01-Jun-2021 15:24:51 UTC] PHP Notice:  Trying to access array offset on value of type null in F:\xampp\htdocs\kcg\wp-content\plugins\kcg-addons\widgets\strategy\widget.php on line 396
[01-Jun-2021 15:24:51 UTC] PHP Notice:  Trying to access array offset on value of type null in F:\xampp\htdocs\kcg\wp-content\plugins\kcg-addons\widgets\strategy\widget.php on line 395
[01-Jun-2021 15:24:51 UTC] PHP Notice:  Trying to access array offset on value of type null in F:\xampp\htdocs\kcg\wp-content\plugins\kcg-addons\widgets\strategy\widget.php on line 396
[01-Jun-2021 15:25:06 UTC] PHP Notice:  Trying to access array offset on value of type null in F:\xampp\htdocs\kcg\wp-content\plugins\kcg-addons\widgets\strategy\widget.php on line 395
[01-Jun-2021 15:25:06 UTC] PHP Notice:  Trying to access array offset on value of type null in F:\xampp\htdocs\kcg\wp-content\plugins\kcg-addons\widgets\strategy\widget.php on line 396
[01-Jun-2021 15:25:06 UTC] PHP Notice:  Trying to access array offset on value of type null in F:\xampp\htdocs\kcg\wp-content\plugins\kcg-addons\widgets\strategy\widget.php on line 395
[01-Jun-2021 15:25:06 UTC] PHP Notice:  Trying to access array offset on value of type null in F:\xampp\htdocs\kcg\wp-content\plugins\kcg-addons\widgets\strategy\widget.php on line 396
[01-Jun-2021 15:25:08 UTC] PHP Notice:  Trying to access array offset on value of type null in F:\xampp\htdocs\kcg\wp-content\plugins\kcg-addons\widgets\strategy\widget.php on line 395
[01-Jun-2021 15:25:08 UTC] PHP Notice:  Trying to access array offset on value of type null in F:\xampp\htdocs\kcg\wp-content\plugins\kcg-addons\widgets\strategy\widget.php on line 396
[01-Jun-2021 15:25:08 UTC] PHP Notice:  Trying to access array offset on value of type null in F:\xampp\htdocs\kcg\wp-content\plugins\kcg-addons\widgets\strategy\widget.php on line 395
[01-Jun-2021 15:25:08 UTC] PHP Notice:  Trying to access array offset on value of type null in F:\xampp\htdocs\kcg\wp-content\plugins\kcg-addons\widgets\strategy\widget.php on line 396
[01-Jun-2021 15:25:08 UTC] PHP Notice:  Trying to access array offset on value of type null in F:\xampp\htdocs\kcg\wp-content\plugins\kcg-addons\widgets\strategy\widget.php on line 395
[01-Jun-2021 15:25:08 UTC] PHP Notice:  Trying to access array offset on value of type null in F:\xampp\htdocs\kcg\wp-content\plugins\kcg-addons\widgets\strategy\widget.php on line 396
[01-Jun-2021 15:25:08 UTC] PHP Notice:  Trying to access array offset on value of type null in F:\xampp\htdocs\kcg\wp-content\plugins\kcg-addons\widgets\strategy\widget.php on line 395
[01-Jun-2021 15:25:08 UTC] PHP Notice:  Trying to access array offset on value of type null in F:\xampp\htdocs\kcg\wp-content\plugins\kcg-addons\widgets\strategy\widget.php on line 396
[01-Jun-2021 15:25:09 UTC] PHP Notice:  Trying to access array offset on value of type null in F:\xampp\htdocs\kcg\wp-content\plugins\kcg-addons\widgets\strategy\widget.php on line 395
[01-Jun-2021 15:25:09 UTC] PHP Notice:  Trying to access array offset on value of type null in F:\xampp\htdocs\kcg\wp-content\plugins\kcg-addons\widgets\strategy\widget.php on line 396
[01-Jun-2021 15:25:09 UTC] PHP Notice:  Trying to access array offset on value of type null in F:\xampp\htdocs\kcg\wp-content\plugins\kcg-addons\widgets\strategy\widget.php on line 395
[01-Jun-2021 15:25:09 UTC] PHP Notice:  Trying to access array offset on value of type null in F:\xampp\htdocs\kcg\wp-content\plugins\kcg-addons\widgets\strategy\widget.php on line 396
[01-Jun-2021 15:25:10 UTC] PHP Notice:  Trying to access array offset on value of type null in F:\xampp\htdocs\kcg\wp-content\plugins\kcg-addons\widgets\strategy\widget.php on line 395
[01-Jun-2021 15:25:10 UTC] PHP Notice:  Trying to access array offset on value of type null in F:\xampp\htdocs\kcg\wp-content\plugins\kcg-addons\widgets\strategy\widget.php on line 396
[01-Jun-2021 15:25:10 UTC] PHP Notice:  Trying to access array offset on value of type null in F:\xampp\htdocs\kcg\wp-content\plugins\kcg-addons\widgets\strategy\widget.php on line 395
[01-Jun-2021 15:25:10 UTC] PHP Notice:  Trying to access array offset on value of type null in F:\xampp\htdocs\kcg\wp-content\plugins\kcg-addons\widgets\strategy\widget.php on line 396
[01-Jun-2021 15:25:10 UTC] PHP Notice:  Trying to access array offset on value of type null in F:\xampp\htdocs\kcg\wp-content\plugins\kcg-addons\widgets\strategy\widget.php on line 395
[01-Jun-2021 15:25:10 UTC] PHP Notice:  Trying to access array offset on value of type null in F:\xampp\htdocs\kcg\wp-content\plugins\kcg-addons\widgets\strategy\widget.php on line 396
[01-Jun-2021 15:25:10 UTC] PHP Notice:  Trying to access array offset on value of type null in F:\xampp\htdocs\kcg\wp-content\plugins\kcg-addons\widgets\strategy\widget.php on line 395
[01-Jun-2021 15:25:10 UTC] PHP Notice:  Trying to access array offset on value of type null in F:\xampp\htdocs\kcg\wp-content\plugins\kcg-addons\widgets\strategy\widget.php on line 396
[01-Jun-2021 15:25:12 UTC] PHP Notice:  Trying to access array offset on value of type null in F:\xampp\htdocs\kcg\wp-content\plugins\kcg-addons\widgets\strategy\widget.php on line 395
[01-Jun-2021 15:25:12 UTC] PHP Notice:  Trying to access array offset on value of type null in F:\xampp\htdocs\kcg\wp-content\plugins\kcg-addons\widgets\strategy\widget.php on line 396
[01-Jun-2021 15:25:12 UTC] PHP Notice:  Trying to access array offset on value of type null in F:\xampp\htdocs\kcg\wp-content\plugins\kcg-addons\widgets\strategy\widget.php on line 395
[01-Jun-2021 15:25:12 UTC] PHP Notice:  Trying to access array offset on value of type null in F:\xampp\htdocs\kcg\wp-content\plugins\kcg-addons\widgets\strategy\widget.php on line 396
[01-Jun-2021 15:26:22 UTC] PHP Notice:  Trying to access array offset on value of type null in F:\xampp\htdocs\kcg\wp-content\plugins\kcg-addons\widgets\strategy\widget.php on line 395
[01-Jun-2021 15:26:22 UTC] PHP Notice:  Trying to access array offset on value of type null in F:\xampp\htdocs\kcg\wp-content\plugins\kcg-addons\widgets\strategy\widget.php on line 396
[01-Jun-2021 15:26:22 UTC] PHP Notice:  Trying to access array offset on value of type null in F:\xampp\htdocs\kcg\wp-content\plugins\kcg-addons\widgets\strategy\widget.php on line 395
[01-Jun-2021 15:26:22 UTC] PHP Notice:  Trying to access array offset on value of type null in F:\xampp\htdocs\kcg\wp-content\plugins\kcg-addons\widgets\strategy\widget.php on line 396
[01-Jun-2021 15:26:39 UTC] PHP Notice:  Trying to access array offset on value of type null in F:\xampp\htdocs\kcg\wp-content\plugins\kcg-addons\widgets\strategy\widget.php on line 395
[01-Jun-2021 15:26:39 UTC] PHP Notice:  Trying to access array offset on value of type null in F:\xampp\htdocs\kcg\wp-content\plugins\kcg-addons\widgets\strategy\widget.php on line 396
[01-Jun-2021 15:26:39 UTC] PHP Notice:  Trying to access array offset on value of type null in F:\xampp\htdocs\kcg\wp-content\plugins\kcg-addons\widgets\strategy\widget.php on line 395
[01-Jun-2021 15:26:39 UTC] PHP Notice:  Trying to access array offset on value of type null in F:\xampp\htdocs\kcg\wp-content\plugins\kcg-addons\widgets\strategy\widget.php on line 396
[01-Jun-2021 15:26:58 UTC] PHP Notice:  Trying to access array offset on value of type null in F:\xampp\htdocs\kcg\wp-content\plugins\kcg-addons\widgets\strategy\widget.php on line 395
[01-Jun-2021 15:26:58 UTC] PHP Notice:  Trying to access array offset on value of type null in F:\xampp\htdocs\kcg\wp-content\plugins\kcg-addons\widgets\strategy\widget.php on line 396
[01-Jun-2021 15:26:58 UTC] PHP Notice:  Trying to access array offset on value of type null in F:\xampp\htdocs\kcg\wp-content\plugins\kcg-addons\widgets\strategy\widget.php on line 395
[01-Jun-2021 15:26:58 UTC] PHP Notice:  Trying to access array offset on value of type null in F:\xampp\htdocs\kcg\wp-content\plugins\kcg-addons\widgets\strategy\widget.php on line 396
[01-Jun-2021 15:27:01 UTC] PHP Notice:  Trying to access array offset on value of type null in F:\xampp\htdocs\kcg\wp-content\plugins\kcg-addons\widgets\strategy\widget.php on line 395
[01-Jun-2021 15:27:01 UTC] PHP Notice:  Trying to access array offset on value of type null in F:\xampp\htdocs\kcg\wp-content\plugins\kcg-addons\widgets\strategy\widget.php on line 396
[01-Jun-2021 15:27:01 UTC] PHP Notice:  Trying to access array offset on value of type null in F:\xampp\htdocs\kcg\wp-content\plugins\kcg-addons\widgets\strategy\widget.php on line 395
[01-Jun-2021 15:27:01 UTC] PHP Notice:  Trying to access array offset on value of type null in F:\xampp\htdocs\kcg\wp-content\plugins\kcg-addons\widgets\strategy\widget.php on line 396
[01-Jun-2021 15:27:01 UTC] PHP Notice:  Trying to access array offset on value of type null in F:\xampp\htdocs\kcg\wp-content\plugins\kcg-addons\widgets\strategy\widget.php on line 395
[01-Jun-2021 15:27:01 UTC] PHP Notice:  Trying to access array offset on value of type null in F:\xampp\htdocs\kcg\wp-content\plugins\kcg-addons\widgets\strategy\widget.php on line 396
[01-Jun-2021 15:27:01 UTC] PHP Notice:  Trying to access array offset on value of type null in F:\xampp\htdocs\kcg\wp-content\plugins\kcg-addons\widgets\strategy\widget.php on line 395
[01-Jun-2021 15:27:01 UTC] PHP Notice:  Trying to access array offset on value of type null in F:\xampp\htdocs\kcg\wp-content\plugins\kcg-addons\widgets\strategy\widget.php on line 396
[01-Jun-2021 15:29:04 UTC] PHP Warning:  Illegal string offset 'id' in F:\xampp\htdocs\kcg\wp-content\plugins\kcg-addons\widgets\strategy\widget.php on line 431
[01-Jun-2021 15:29:04 UTC] PHP Notice:  Trying to access array offset on value of type null in F:\xampp\htdocs\kcg\wp-content\plugins\kcg-addons\widgets\strategy\widget.php on line 395
[01-Jun-2021 15:29:04 UTC] PHP Notice:  Trying to access array offset on value of type null in F:\xampp\htdocs\kcg\wp-content\plugins\kcg-addons\widgets\strategy\widget.php on line 396
[01-Jun-2021 15:29:04 UTC] PHP Notice:  Trying to access array offset on value of type null in F:\xampp\htdocs\kcg\wp-content\plugins\kcg-addons\widgets\strategy\widget.php on line 395
[01-Jun-2021 15:29:04 UTC] PHP Notice:  Trying to access array offset on value of type null in F:\xampp\htdocs\kcg\wp-content\plugins\kcg-addons\widgets\strategy\widget.php on line 396
[01-Jun-2021 15:29:41 UTC] PHP Warning:  Illegal string offset 'id' in F:\xampp\htdocs\kcg\wp-content\plugins\kcg-addons\widgets\strategy\widget.php on line 431
[01-Jun-2021 15:29:41 UTC] PHP Notice:  Trying to access array offset on value of type null in F:\xampp\htdocs\kcg\wp-content\plugins\kcg-addons\widgets\strategy\widget.php on line 395
[01-Jun-2021 15:29:41 UTC] PHP Notice:  Trying to access array offset on value of type null in F:\xampp\htdocs\kcg\wp-content\plugins\kcg-addons\widgets\strategy\widget.php on line 396
[01-Jun-2021 15:29:41 UTC] PHP Notice:  Trying to access array offset on value of type null in F:\xampp\htdocs\kcg\wp-content\plugins\kcg-addons\widgets\strategy\widget.php on line 395
[01-Jun-2021 15:29:41 UTC] PHP Notice:  Trying to access array offset on value of type null in F:\xampp\htdocs\kcg\wp-content\plugins\kcg-addons\widgets\strategy\widget.php on line 396
[01-Jun-2021 15:29:49 UTC] PHP Warning:  Illegal string offset 'id' in F:\xampp\htdocs\kcg\wp-content\plugins\kcg-addons\widgets\strategy\widget.php on line 431
[01-Jun-2021 15:29:49 UTC] PHP Notice:  Trying to access array offset on value of type null in F:\xampp\htdocs\kcg\wp-content\plugins\kcg-addons\widgets\strategy\widget.php on line 395
[01-Jun-2021 15:29:49 UTC] PHP Notice:  Trying to access array offset on value of type null in F:\xampp\htdocs\kcg\wp-content\plugins\kcg-addons\widgets\strategy\widget.php on line 396
[01-Jun-2021 15:29:49 UTC] PHP Notice:  Trying to access array offset on value of type null in F:\xampp\htdocs\kcg\wp-content\plugins\kcg-addons\widgets\strategy\widget.php on line 395
[01-Jun-2021 15:29:49 UTC] PHP Notice:  Trying to access array offset on value of type null in F:\xampp\htdocs\kcg\wp-content\plugins\kcg-addons\widgets\strategy\widget.php on line 396
[01-Jun-2021 15:29:51 UTC] PHP Warning:  Illegal string offset 'id' in F:\xampp\htdocs\kcg\wp-content\plugins\kcg-addons\widgets\strategy\widget.php on line 431
[01-Jun-2021 15:29:51 UTC] PHP Notice:  Trying to access array offset on value of type null in F:\xampp\htdocs\kcg\wp-content\plugins\kcg-addons\widgets\strategy\widget.php on line 395
[01-Jun-2021 15:29:51 UTC] PHP Notice:  Trying to access array offset on value of type null in F:\xampp\htdocs\kcg\wp-content\plugins\kcg-addons\widgets\strategy\widget.php on line 396
[01-Jun-2021 15:29:51 UTC] PHP Notice:  Trying to access array offset on value of type null in F:\xampp\htdocs\kcg\wp-content\plugins\kcg-addons\widgets\strategy\widget.php on line 395
[01-Jun-2021 15:29:51 UTC] PHP Notice:  Trying to access array offset on value of type null in F:\xampp\htdocs\kcg\wp-content\plugins\kcg-addons\widgets\strategy\widget.php on line 396
[01-Jun-2021 15:29:51 UTC] PHP Warning:  Illegal string offset 'id' in F:\xampp\htdocs\kcg\wp-content\plugins\kcg-addons\widgets\strategy\widget.php on line 431
[01-Jun-2021 15:29:51 UTC] PHP Notice:  Trying to access array offset on value of type null in F:\xampp\htdocs\kcg\wp-content\plugins\kcg-addons\widgets\strategy\widget.php on line 395
[01-Jun-2021 15:29:51 UTC] PHP Notice:  Trying to access array offset on value of type null in F:\xampp\htdocs\kcg\wp-content\plugins\kcg-addons\widgets\strategy\widget.php on line 396
[01-Jun-2021 15:29:51 UTC] PHP Notice:  Trying to access array offset on value of type null in F:\xampp\htdocs\kcg\wp-content\plugins\kcg-addons\widgets\strategy\widget.php on line 395
[01-Jun-2021 15:29:51 UTC] PHP Notice:  Trying to access array offset on value of type null in F:\xampp\htdocs\kcg\wp-content\plugins\kcg-addons\widgets\strategy\widget.php on line 396
[01-Jun-2021 15:54:42 UTC] PHP Parse error:  syntax error, unexpected 'endif' (T_ENDIF) in F:\xampp\htdocs\kcg\wp-content\plugins\kcg-addons\widgets\strategy\widget.php on line 472
[01-Jun-2021 15:55:19 UTC] PHP Parse error:  syntax error, unexpected 'endif' (T_ENDIF) in F:\xampp\htdocs\kcg\wp-content\plugins\kcg-addons\widgets\strategy\widget.php on line 466
[01-Jun-2021 15:55:44 UTC] PHP Parse error:  syntax error, unexpected 'endif' (T_ENDIF) in F:\xampp\htdocs\kcg\wp-content\plugins\kcg-addons\widgets\strategy\widget.php on line 471
[01-Jun-2021 15:56:26 UTC] PHP Warning:  Illegal string offset 'id' in F:\xampp\htdocs\kcg\wp-content\plugins\kcg-addons\widgets\strategy\widget.php on line 417
[01-Jun-2021 15:56:26 UTC] PHP Notice:  Trying to access array offset on value of type null in F:\xampp\htdocs\kcg\wp-content\plugins\kcg-addons\widgets\strategy\widget.php on line 381
[01-Jun-2021 15:56:26 UTC] PHP Notice:  Trying to access array offset on value of type null in F:\xampp\htdocs\kcg\wp-content\plugins\kcg-addons\widgets\strategy\widget.php on line 382
[01-Jun-2021 15:56:26 UTC] PHP Notice:  Trying to access array offset on value of type null in F:\xampp\htdocs\kcg\wp-content\plugins\kcg-addons\widgets\strategy\widget.php on line 381
[01-Jun-2021 15:56:26 UTC] PHP Notice:  Trying to access array offset on value of type null in F:\xampp\htdocs\kcg\wp-content\plugins\kcg-addons\widgets\strategy\widget.php on line 382
[01-Jun-2021 15:57:14 UTC] PHP Warning:  Illegal string offset 'id' in F:\xampp\htdocs\kcg\wp-content\plugins\kcg-addons\widgets\strategy\widget.php on line 417
[01-Jun-2021 15:57:14 UTC] PHP Notice:  Trying to access array offset on value of type null in F:\xampp\htdocs\kcg\wp-content\plugins\kcg-addons\widgets\strategy\widget.php on line 381
[01-Jun-2021 15:57:14 UTC] PHP Notice:  Trying to access array offset on value of type null in F:\xampp\htdocs\kcg\wp-content\plugins\kcg-addons\widgets\strategy\widget.php on line 382
[01-Jun-2021 15:57:14 UTC] PHP Notice:  Trying to access array offset on value of type null in F:\xampp\htdocs\kcg\wp-content\plugins\kcg-addons\widgets\strategy\widget.php on line 381
[01-Jun-2021 15:57:14 UTC] PHP Notice:  Trying to access array offset on value of type null in F:\xampp\htdocs\kcg\wp-content\plugins\kcg-addons\widgets\strategy\widget.php on line 382
[01-Jun-2021 15:57:33 UTC] PHP Warning:  Illegal string offset 'id' in F:\xampp\htdocs\kcg\wp-content\plugins\kcg-addons\widgets\strategy\widget.php on line 417
[01-Jun-2021 15:57:33 UTC] PHP Notice:  Trying to access array offset on value of type null in F:\xampp\htdocs\kcg\wp-content\plugins\kcg-addons\widgets\strategy\widget.php on line 381
[01-Jun-2021 15:57:33 UTC] PHP Notice:  Trying to access array offset on value of type null in F:\xampp\htdocs\kcg\wp-content\plugins\kcg-addons\widgets\strategy\widget.php on line 382
[01-Jun-2021 15:57:33 UTC] PHP Notice:  Trying to access array offset on value of type null in F:\xampp\htdocs\kcg\wp-content\plugins\kcg-addons\widgets\strategy\widget.php on line 381
[01-Jun-2021 15:57:33 UTC] PHP Notice:  Trying to access array offset on value of type null in F:\xampp\htdocs\kcg\wp-content\plugins\kcg-addons\widgets\strategy\widget.php on line 382
[01-Jun-2021 15:57:35 UTC] PHP Warning:  Illegal string offset 'id' in F:\xampp\htdocs\kcg\wp-content\plugins\kcg-addons\widgets\strategy\widget.php on line 417
[01-Jun-2021 15:57:35 UTC] PHP Notice:  Trying to access array offset on value of type null in F:\xampp\htdocs\kcg\wp-content\plugins\kcg-addons\widgets\strategy\widget.php on line 381
[01-Jun-2021 15:57:35 UTC] PHP Notice:  Trying to access array offset on value of type null in F:\xampp\htdocs\kcg\wp-content\plugins\kcg-addons\widgets\strategy\widget.php on line 382
[01-Jun-2021 15:57:35 UTC] PHP Notice:  Trying to access array offset on value of type null in F:\xampp\htdocs\kcg\wp-content\plugins\kcg-addons\widgets\strategy\widget.php on line 381
[01-Jun-2021 15:57:35 UTC] PHP Notice:  Trying to access array offset on value of type null in F:\xampp\htdocs\kcg\wp-content\plugins\kcg-addons\widgets\strategy\widget.php on line 382
[01-Jun-2021 15:58:34 UTC] PHP Warning:  Illegal string offset 'id' in F:\xampp\htdocs\kcg\wp-content\plugins\kcg-addons\widgets\strategy\widget.php on line 417
[01-Jun-2021 15:58:34 UTC] PHP Notice:  Trying to access array offset on value of type null in F:\xampp\htdocs\kcg\wp-content\plugins\kcg-addons\widgets\strategy\widget.php on line 381
[01-Jun-2021 15:58:34 UTC] PHP Notice:  Trying to access array offset on value of type null in F:\xampp\htdocs\kcg\wp-content\plugins\kcg-addons\widgets\strategy\widget.php on line 382
[01-Jun-2021 15:58:34 UTC] PHP Notice:  Trying to access array offset on value of type null in F:\xampp\htdocs\kcg\wp-content\plugins\kcg-addons\widgets\strategy\widget.php on line 381
[01-Jun-2021 15:58:34 UTC] PHP Notice:  Trying to access array offset on value of type null in F:\xampp\htdocs\kcg\wp-content\plugins\kcg-addons\widgets\strategy\widget.php on line 382
[01-Jun-2021 15:58:35 UTC] PHP Warning:  Illegal string offset 'id' in F:\xampp\htdocs\kcg\wp-content\plugins\kcg-addons\widgets\strategy\widget.php on line 417
[01-Jun-2021 15:58:35 UTC] PHP Notice:  Trying to access array offset on value of type null in F:\xampp\htdocs\kcg\wp-content\plugins\kcg-addons\widgets\strategy\widget.php on line 381
[01-Jun-2021 15:58:35 UTC] PHP Notice:  Trying to access array offset on value of type null in F:\xampp\htdocs\kcg\wp-content\plugins\kcg-addons\widgets\strategy\widget.php on line 382
[01-Jun-2021 15:58:35 UTC] PHP Notice:  Trying to access array offset on value of type null in F:\xampp\htdocs\kcg\wp-content\plugins\kcg-addons\widgets\strategy\widget.php on line 381
[01-Jun-2021 15:58:35 UTC] PHP Notice:  Trying to access array offset on value of type null in F:\xampp\htdocs\kcg\wp-content\plugins\kcg-addons\widgets\strategy\widget.php on line 382
[01-Jun-2021 16:02:43 UTC] PHP Warning:  Illegal string offset 'id' in F:\xampp\htdocs\kcg\wp-content\plugins\kcg-addons\widgets\strategy\widget.php on line 421
[01-Jun-2021 16:02:43 UTC] PHP Warning:  Illegal string offset 'id' in F:\xampp\htdocs\kcg\wp-content\plugins\kcg-addons\widgets\strategy\widget.php on line 421
[01-Jun-2021 16:02:43 UTC] PHP Notice:  Trying to access array offset on value of type null in F:\xampp\htdocs\kcg\wp-content\plugins\kcg-addons\widgets\strategy\widget.php on line 385
[01-Jun-2021 16:02:43 UTC] PHP Notice:  Trying to access array offset on value of type null in F:\xampp\htdocs\kcg\wp-content\plugins\kcg-addons\widgets\strategy\widget.php on line 385
[01-Jun-2021 16:02:43 UTC] PHP Notice:  Trying to access array offset on value of type null in F:\xampp\htdocs\kcg\wp-content\plugins\kcg-addons\widgets\strategy\widget.php on line 386
[01-Jun-2021 16:02:43 UTC] PHP Notice:  Trying to access array offset on value of type null in F:\xampp\htdocs\kcg\wp-content\plugins\kcg-addons\widgets\strategy\widget.php on line 386
[01-Jun-2021 16:02:43 UTC] PHP Notice:  Trying to access array offset on value of type null in F:\xampp\htdocs\kcg\wp-content\plugins\kcg-addons\widgets\strategy\widget.php on line 385
[01-Jun-2021 16:02:43 UTC] PHP Notice:  Trying to access array offset on value of type null in F:\xampp\htdocs\kcg\wp-content\plugins\kcg-addons\widgets\strategy\widget.php on line 385
[01-Jun-2021 16:02:43 UTC] PHP Notice:  Trying to access array offset on value of type null in F:\xampp\htdocs\kcg\wp-content\plugins\kcg-addons\widgets\strategy\widget.php on line 386
[01-Jun-2021 16:02:43 UTC] PHP Notice:  Trying to access array offset on value of type null in F:\xampp\htdocs\kcg\wp-content\plugins\kcg-addons\widgets\strategy\widget.php on line 386
[01-Jun-2021 16:02:48 UTC] PHP Warning:  Illegal string offset 'id' in F:\xampp\htdocs\kcg\wp-content\plugins\kcg-addons\widgets\strategy\widget.php on line 421
[01-Jun-2021 16:02:48 UTC] PHP Notice:  Trying to access array offset on value of type null in F:\xampp\htdocs\kcg\wp-content\plugins\kcg-addons\widgets\strategy\widget.php on line 385
[01-Jun-2021 16:02:48 UTC] PHP Notice:  Trying to access array offset on value of type null in F:\xampp\htdocs\kcg\wp-content\plugins\kcg-addons\widgets\strategy\widget.php on line 386
[01-Jun-2021 16:02:48 UTC] PHP Notice:  Trying to access array offset on value of type null in F:\xampp\htdocs\kcg\wp-content\plugins\kcg-addons\widgets\strategy\widget.php on line 385
[01-Jun-2021 16:02:48 UTC] PHP Notice:  Trying to access array offset on value of type null in F:\xampp\htdocs\kcg\wp-content\plugins\kcg-addons\widgets\strategy\widget.php on line 386
[01-Jun-2021 16:02:50 UTC] PHP Warning:  Illegal string offset 'id' in F:\xampp\htdocs\kcg\wp-content\plugins\kcg-addons\widgets\strategy\widget.php on line 421
[01-Jun-2021 16:02:50 UTC] PHP Notice:  Trying to access array offset on value of type null in F:\xampp\htdocs\kcg\wp-content\plugins\kcg-addons\widgets\strategy\widget.php on line 385
[01-Jun-2021 16:02:50 UTC] PHP Notice:  Trying to access array offset on value of type null in F:\xampp\htdocs\kcg\wp-content\plugins\kcg-addons\widgets\strategy\widget.php on line 386
[01-Jun-2021 16:02:50 UTC] PHP Notice:  Trying to access array offset on value of type null in F:\xampp\htdocs\kcg\wp-content\plugins\kcg-addons\widgets\strategy\widget.php on line 385
[01-Jun-2021 16:02:50 UTC] PHP Notice:  Trying to access array offset on value of type null in F:\xampp\htdocs\kcg\wp-content\plugins\kcg-addons\widgets\strategy\widget.php on line 386
[01-Jun-2021 16:02:59 UTC] PHP Warning:  Illegal string offset 'id' in F:\xampp\htdocs\kcg\wp-content\plugins\kcg-addons\widgets\strategy\widget.php on line 421
[01-Jun-2021 16:02:59 UTC] PHP Notice:  Trying to access array offset on value of type null in F:\xampp\htdocs\kcg\wp-content\plugins\kcg-addons\widgets\strategy\widget.php on line 385
[01-Jun-2021 16:02:59 UTC] PHP Notice:  Trying to access array offset on value of type null in F:\xampp\htdocs\kcg\wp-content\plugins\kcg-addons\widgets\strategy\widget.php on line 386
[01-Jun-2021 16:02:59 UTC] PHP Notice:  Trying to access array offset on value of type null in F:\xampp\htdocs\kcg\wp-content\plugins\kcg-addons\widgets\strategy\widget.php on line 385
[01-Jun-2021 16:02:59 UTC] PHP Notice:  Trying to access array offset on value of type null in F:\xampp\htdocs\kcg\wp-content\plugins\kcg-addons\widgets\strategy\widget.php on line 386
[01-Jun-2021 16:03:04 UTC] PHP Warning:  Illegal string offset 'id' in F:\xampp\htdocs\kcg\wp-content\plugins\kcg-addons\widgets\strategy\widget.php on line 421
[01-Jun-2021 16:03:04 UTC] PHP Notice:  Trying to access array offset on value of type null in F:\xampp\htdocs\kcg\wp-content\plugins\kcg-addons\widgets\strategy\widget.php on line 385
[01-Jun-2021 16:03:04 UTC] PHP Notice:  Trying to access array offset on value of type null in F:\xampp\htdocs\kcg\wp-content\plugins\kcg-addons\widgets\strategy\widget.php on line 386
[01-Jun-2021 16:03:04 UTC] PHP Notice:  Trying to access array offset on value of type null in F:\xampp\htdocs\kcg\wp-content\plugins\kcg-addons\widgets\strategy\widget.php on line 385
[01-Jun-2021 16:03:04 UTC] PHP Notice:  Trying to access array offset on value of type null in F:\xampp\htdocs\kcg\wp-content\plugins\kcg-addons\widgets\strategy\widget.php on line 386
[01-Jun-2021 16:05:48 UTC] PHP Warning:  Illegal string offset 'id' in F:\xampp\htdocs\kcg\wp-content\plugins\kcg-addons\widgets\strategy\widget.php on line 421
[01-Jun-2021 16:05:48 UTC] PHP Notice:  Trying to access array offset on value of type null in F:\xampp\htdocs\kcg\wp-content\plugins\kcg-addons\widgets\strategy\widget.php on line 385
[01-Jun-2021 16:05:48 UTC] PHP Notice:  Trying to access array offset on value of type null in F:\xampp\htdocs\kcg\wp-content\plugins\kcg-addons\widgets\strategy\widget.php on line 386
[01-Jun-2021 16:05:48 UTC] PHP Notice:  Trying to access array offset on value of type null in F:\xampp\htdocs\kcg\wp-content\plugins\kcg-addons\widgets\strategy\widget.php on line 385
[01-Jun-2021 16:05:48 UTC] PHP Notice:  Trying to access array offset on value of type null in F:\xampp\htdocs\kcg\wp-content\plugins\kcg-addons\widgets\strategy\widget.php on line 386
[01-Jun-2021 16:06:46 UTC] PHP Warning:  Illegal string offset 'id' in F:\xampp\htdocs\kcg\wp-content\plugins\kcg-addons\widgets\strategy\widget.php on line 421
[01-Jun-2021 16:06:46 UTC] PHP Notice:  Trying to access array offset on value of type null in F:\xampp\htdocs\kcg\wp-content\plugins\kcg-addons\widgets\strategy\widget.php on line 385
[01-Jun-2021 16:06:46 UTC] PHP Notice:  Trying to access array offset on value of type null in F:\xampp\htdocs\kcg\wp-content\plugins\kcg-addons\widgets\strategy\widget.php on line 386
[01-Jun-2021 16:06:46 UTC] PHP Notice:  Trying to access array offset on value of type null in F:\xampp\htdocs\kcg\wp-content\plugins\kcg-addons\widgets\strategy\widget.php on line 385
[01-Jun-2021 16:06:46 UTC] PHP Notice:  Trying to access array offset on value of type null in F:\xampp\htdocs\kcg\wp-content\plugins\kcg-addons\widgets\strategy\widget.php on line 386
[01-Jun-2021 16:27:28 UTC] PHP Warning:  file_get_contents(F:\xampp\htdocs\kcg\wp-content\plugins\kcg-addons\assets\general\kcg.min.css): failed to open stream: No such file or directory in F:\xampp\htdocs\kcg\wp-content\plugins\kcg-addons\components\arise\class-arise.php on line 91
[01-Jun-2021 16:35:29 UTC] PHP Warning:  Illegal string offset 'id' in F:\xampp\htdocs\kcg\wp-content\plugins\kcg-addons\widgets\strategy\widget.php on line 421
[01-Jun-2021 16:35:29 UTC] PHP Notice:  Trying to access array offset on value of type null in F:\xampp\htdocs\kcg\wp-content\plugins\kcg-addons\widgets\strategy\widget.php on line 385
[01-Jun-2021 16:35:29 UTC] PHP Notice:  Trying to access array offset on value of type null in F:\xampp\htdocs\kcg\wp-content\plugins\kcg-addons\widgets\strategy\widget.php on line 386
[01-Jun-2021 16:35:29 UTC] PHP Notice:  Trying to access array offset on value of type null in F:\xampp\htdocs\kcg\wp-content\plugins\kcg-addons\widgets\strategy\widget.php on line 385
[01-Jun-2021 16:35:29 UTC] PHP Notice:  Trying to access array offset on value of type null in F:\xampp\htdocs\kcg\wp-content\plugins\kcg-addons\widgets\strategy\widget.php on line 386
[01-Jun-2021 16:36:40 UTC] PHP Warning:  Illegal string offset 'id' in F:\xampp\htdocs\kcg\wp-content\plugins\kcg-addons\widgets\strategy\widget.php on line 421
[01-Jun-2021 16:36:40 UTC] PHP Notice:  Trying to access array offset on value of type null in F:\xampp\htdocs\kcg\wp-content\plugins\kcg-addons\widgets\strategy\widget.php on line 385
[01-Jun-2021 16:36:40 UTC] PHP Notice:  Trying to access array offset on value of type null in F:\xampp\htdocs\kcg\wp-content\plugins\kcg-addons\widgets\strategy\widget.php on line 386
[01-Jun-2021 16:36:40 UTC] PHP Notice:  Trying to access array offset on value of type null in F:\xampp\htdocs\kcg\wp-content\plugins\kcg-addons\widgets\strategy\widget.php on line 385
[01-Jun-2021 16:36:40 UTC] PHP Notice:  Trying to access array offset on value of type null in F:\xampp\htdocs\kcg\wp-content\plugins\kcg-addons\widgets\strategy\widget.php on line 386
[01-Jun-2021 16:36:59 UTC] PHP Warning:  Illegal string offset 'id' in F:\xampp\htdocs\kcg\wp-content\plugins\kcg-addons\widgets\strategy\widget.php on line 421
[01-Jun-2021 16:36:59 UTC] PHP Notice:  Trying to access array offset on value of type null in F:\xampp\htdocs\kcg\wp-content\plugins\kcg-addons\widgets\strategy\widget.php on line 385
[01-Jun-2021 16:36:59 UTC] PHP Notice:  Trying to access array offset on value of type null in F:\xampp\htdocs\kcg\wp-content\plugins\kcg-addons\widgets\strategy\widget.php on line 386
[01-Jun-2021 16:36:59 UTC] PHP Notice:  Trying to access array offset on value of type null in F:\xampp\htdocs\kcg\wp-content\plugins\kcg-addons\widgets\strategy\widget.php on line 385
[01-Jun-2021 16:36:59 UTC] PHP Notice:  Trying to access array offset on value of type null in F:\xampp\htdocs\kcg\wp-content\plugins\kcg-addons\widgets\strategy\widget.php on line 386
[01-Jun-2021 16:37:47 UTC] PHP Warning:  Illegal string offset 'id' in F:\xampp\htdocs\kcg\wp-content\plugins\kcg-addons\widgets\strategy\widget.php on line 421
[01-Jun-2021 16:37:47 UTC] PHP Notice:  Trying to access array offset on value of type null in F:\xampp\htdocs\kcg\wp-content\plugins\kcg-addons\widgets\strategy\widget.php on line 385
[01-Jun-2021 16:37:47 UTC] PHP Notice:  Trying to access array offset on value of type null in F:\xampp\htdocs\kcg\wp-content\plugins\kcg-addons\widgets\strategy\widget.php on line 386
[01-Jun-2021 16:37:47 UTC] PHP Notice:  Trying to access array offset on value of type null in F:\xampp\htdocs\kcg\wp-content\plugins\kcg-addons\widgets\strategy\widget.php on line 385
[01-Jun-2021 16:37:47 UTC] PHP Notice:  Trying to access array offset on value of type null in F:\xampp\htdocs\kcg\wp-content\plugins\kcg-addons\widgets\strategy\widget.php on line 386
[01-Jun-2021 16:40:54 UTC] PHP Warning:  Illegal string offset 'id' in F:\xampp\htdocs\kcg\wp-content\plugins\kcg-addons\widgets\strategy\widget.php on line 421
[01-Jun-2021 16:40:54 UTC] PHP Notice:  Trying to access array offset on value of type null in F:\xampp\htdocs\kcg\wp-content\plugins\kcg-addons\widgets\strategy\widget.php on line 385
[01-Jun-2021 16:40:54 UTC] PHP Notice:  Trying to access array offset on value of type null in F:\xampp\htdocs\kcg\wp-content\plugins\kcg-addons\widgets\strategy\widget.php on line 386
[01-Jun-2021 16:40:54 UTC] PHP Notice:  Trying to access array offset on value of type null in F:\xampp\htdocs\kcg\wp-content\plugins\kcg-addons\widgets\strategy\widget.php on line 385
[01-Jun-2021 16:40:54 UTC] PHP Notice:  Trying to access array offset on value of type null in F:\xampp\htdocs\kcg\wp-content\plugins\kcg-addons\widgets\strategy\widget.php on line 386
[01-Jun-2021 16:40:54 UTC] PHP Notice:  Undefined variable: item in F:\xampp\htdocs\kcg\wp-content\plugins\kcg-addons\widgets\strategy-content\widget.php on line 151
[01-Jun-2021 16:40:54 UTC] PHP Notice:  Trying to access array offset on value of type null in F:\xampp\htdocs\kcg\wp-content\plugins\kcg-addons\widgets\strategy-content\widget.php on line 151
[01-Jun-2021 16:41:21 UTC] PHP Notice:  Undefined variable: item in F:\xampp\htdocs\kcg\wp-content\plugins\kcg-addons\widgets\strategy-content\widget.php on line 151
[01-Jun-2021 16:41:21 UTC] PHP Notice:  Trying to access array offset on value of type null in F:\xampp\htdocs\kcg\wp-content\plugins\kcg-addons\widgets\strategy-content\widget.php on line 151
[01-Jun-2021 16:41:26 UTC] PHP Warning:  Illegal string offset 'id' in F:\xampp\htdocs\kcg\wp-content\plugins\kcg-addons\widgets\strategy\widget.php on line 421
[01-Jun-2021 16:41:26 UTC] PHP Notice:  Trying to access array offset on value of type null in F:\xampp\htdocs\kcg\wp-content\plugins\kcg-addons\widgets\strategy\widget.php on line 385
[01-Jun-2021 16:41:26 UTC] PHP Notice:  Trying to access array offset on value of type null in F:\xampp\htdocs\kcg\wp-content\plugins\kcg-addons\widgets\strategy\widget.php on line 386
[01-Jun-2021 16:41:26 UTC] PHP Notice:  Trying to access array offset on value of type null in F:\xampp\htdocs\kcg\wp-content\plugins\kcg-addons\widgets\strategy\widget.php on line 385
[01-Jun-2021 16:41:26 UTC] PHP Notice:  Trying to access array offset on value of type null in F:\xampp\htdocs\kcg\wp-content\plugins\kcg-addons\widgets\strategy\widget.php on line 386
[01-Jun-2021 16:41:26 UTC] PHP Notice:  Undefined variable: item in F:\xampp\htdocs\kcg\wp-content\plugins\kcg-addons\widgets\strategy-content\widget.php on line 151
[01-Jun-2021 16:41:26 UTC] PHP Notice:  Trying to access array offset on value of type null in F:\xampp\htdocs\kcg\wp-content\plugins\kcg-addons\widgets\strategy-content\widget.php on line 151
[01-Jun-2021 17:22:15 UTC] PHP Warning:  Illegal string offset 'id' in F:\xampp\htdocs\kcg\wp-content\plugins\kcg-addons\widgets\strategy\widget.php on line 421
[01-Jun-2021 17:22:15 UTC] PHP Notice:  Trying to access array offset on value of type null in F:\xampp\htdocs\kcg\wp-content\plugins\kcg-addons\widgets\strategy\widget.php on line 385
[01-Jun-2021 17:22:15 UTC] PHP Notice:  Trying to access array offset on value of type null in F:\xampp\htdocs\kcg\wp-content\plugins\kcg-addons\widgets\strategy\widget.php on line 386
[01-Jun-2021 17:22:15 UTC] PHP Notice:  Trying to access array offset on value of type null in F:\xampp\htdocs\kcg\wp-content\plugins\kcg-addons\widgets\strategy\widget.php on line 385
[01-Jun-2021 17:22:15 UTC] PHP Notice:  Trying to access array offset on value of type null in F:\xampp\htdocs\kcg\wp-content\plugins\kcg-addons\widgets\strategy\widget.php on line 386
[01-Jun-2021 17:22:15 UTC] PHP Notice:  Undefined variable: item in F:\xampp\htdocs\kcg\wp-content\plugins\kcg-addons\widgets\strategy-content\widget.php on line 151
[01-Jun-2021 17:22:15 UTC] PHP Notice:  Trying to access array offset on value of type null in F:\xampp\htdocs\kcg\wp-content\plugins\kcg-addons\widgets\strategy-content\widget.php on line 151
[01-Jun-2021 17:23:56 UTC] PHP Warning:  Illegal string offset 'id' in F:\xampp\htdocs\kcg\wp-content\plugins\kcg-addons\widgets\strategy\widget.php on line 421
[01-Jun-2021 17:23:56 UTC] PHP Notice:  Trying to access array offset on value of type null in F:\xampp\htdocs\kcg\wp-content\plugins\kcg-addons\widgets\strategy\widget.php on line 385
[01-Jun-2021 17:23:56 UTC] PHP Notice:  Trying to access array offset on value of type null in F:\xampp\htdocs\kcg\wp-content\plugins\kcg-addons\widgets\strategy\widget.php on line 386
[01-Jun-2021 17:23:56 UTC] PHP Notice:  Trying to access array offset on value of type null in F:\xampp\htdocs\kcg\wp-content\plugins\kcg-addons\widgets\strategy\widget.php on line 385
[01-Jun-2021 17:23:56 UTC] PHP Notice:  Trying to access array offset on value of type null in F:\xampp\htdocs\kcg\wp-content\plugins\kcg-addons\widgets\strategy\widget.php on line 386
[01-Jun-2021 17:23:56 UTC] PHP Notice:  Undefined variable: item in F:\xampp\htdocs\kcg\wp-content\plugins\kcg-addons\widgets\strategy-content\widget.php on line 151
[01-Jun-2021 17:23:56 UTC] PHP Notice:  Trying to access array offset on value of type null in F:\xampp\htdocs\kcg\wp-content\plugins\kcg-addons\widgets\strategy-content\widget.php on line 151
[01-Jun-2021 17:24:35 UTC] PHP Warning:  Illegal string offset 'id' in F:\xampp\htdocs\kcg\wp-content\plugins\kcg-addons\widgets\strategy\widget.php on line 421
[01-Jun-2021 17:24:35 UTC] PHP Notice:  Trying to access array offset on value of type null in F:\xampp\htdocs\kcg\wp-content\plugins\kcg-addons\widgets\strategy\widget.php on line 385
[01-Jun-2021 17:24:35 UTC] PHP Notice:  Trying to access array offset on value of type null in F:\xampp\htdocs\kcg\wp-content\plugins\kcg-addons\widgets\strategy\widget.php on line 386
[01-Jun-2021 17:24:35 UTC] PHP Notice:  Trying to access array offset on value of type null in F:\xampp\htdocs\kcg\wp-content\plugins\kcg-addons\widgets\strategy\widget.php on line 385
[01-Jun-2021 17:24:35 UTC] PHP Notice:  Trying to access array offset on value of type null in F:\xampp\htdocs\kcg\wp-content\plugins\kcg-addons\widgets\strategy\widget.php on line 386
[01-Jun-2021 17:24:35 UTC] PHP Notice:  Undefined variable: item in F:\xampp\htdocs\kcg\wp-content\plugins\kcg-addons\widgets\strategy-content\widget.php on line 151
[01-Jun-2021 17:24:35 UTC] PHP Notice:  Trying to access array offset on value of type null in F:\xampp\htdocs\kcg\wp-content\plugins\kcg-addons\widgets\strategy-content\widget.php on line 151
[01-Jun-2021 17:24:41 UTC] PHP Warning:  Illegal string offset 'id' in F:\xampp\htdocs\kcg\wp-content\plugins\kcg-addons\widgets\strategy\widget.php on line 421
[01-Jun-2021 17:24:41 UTC] PHP Notice:  Trying to access array offset on value of type null in F:\xampp\htdocs\kcg\wp-content\plugins\kcg-addons\widgets\strategy\widget.php on line 385
[01-Jun-2021 17:24:41 UTC] PHP Notice:  Trying to access array offset on value of type null in F:\xampp\htdocs\kcg\wp-content\plugins\kcg-addons\widgets\strategy\widget.php on line 386
[01-Jun-2021 17:24:41 UTC] PHP Notice:  Trying to access array offset on value of type null in F:\xampp\htdocs\kcg\wp-content\plugins\kcg-addons\widgets\strategy\widget.php on line 385
[01-Jun-2021 17:24:41 UTC] PHP Notice:  Trying to access array offset on value of type null in F:\xampp\htdocs\kcg\wp-content\plugins\kcg-addons\widgets\strategy\widget.php on line 386
[01-Jun-2021 17:24:41 UTC] PHP Notice:  Undefined variable: item in F:\xampp\htdocs\kcg\wp-content\plugins\kcg-addons\widgets\strategy-content\widget.php on line 151
[01-Jun-2021 17:24:41 UTC] PHP Notice:  Trying to access array offset on value of type null in F:\xampp\htdocs\kcg\wp-content\plugins\kcg-addons\widgets\strategy-content\widget.php on line 151
[01-Jun-2021 17:28:40 UTC] PHP Warning:  Illegal string offset 'id' in F:\xampp\htdocs\kcg\wp-content\plugins\kcg-addons\widgets\strategy\widget.php on line 421
[01-Jun-2021 17:28:40 UTC] PHP Notice:  Trying to access array offset on value of type null in F:\xampp\htdocs\kcg\wp-content\plugins\kcg-addons\widgets\strategy\widget.php on line 385
[01-Jun-2021 17:28:40 UTC] PHP Notice:  Trying to access array offset on value of type null in F:\xampp\htdocs\kcg\wp-content\plugins\kcg-addons\widgets\strategy\widget.php on line 386
[01-Jun-2021 17:28:40 UTC] PHP Notice:  Trying to access array offset on value of type null in F:\xampp\htdocs\kcg\wp-content\plugins\kcg-addons\widgets\strategy\widget.php on line 385
[01-Jun-2021 17:28:40 UTC] PHP Notice:  Trying to access array offset on value of type null in F:\xampp\htdocs\kcg\wp-content\plugins\kcg-addons\widgets\strategy\widget.php on line 386
[01-Jun-2021 17:28:40 UTC] PHP Notice:  Undefined variable: item in F:\xampp\htdocs\kcg\wp-content\plugins\kcg-addons\widgets\strategy-content\widget.php on line 151
[01-Jun-2021 17:28:40 UTC] PHP Notice:  Trying to access array offset on value of type null in F:\xampp\htdocs\kcg\wp-content\plugins\kcg-addons\widgets\strategy-content\widget.php on line 151
[01-Jun-2021 17:28:59 UTC] PHP Warning:  Illegal string offset 'id' in F:\xampp\htdocs\kcg\wp-content\plugins\kcg-addons\widgets\strategy\widget.php on line 421
[01-Jun-2021 17:28:59 UTC] PHP Notice:  Trying to access array offset on value of type null in F:\xampp\htdocs\kcg\wp-content\plugins\kcg-addons\widgets\strategy\widget.php on line 385
[01-Jun-2021 17:28:59 UTC] PHP Notice:  Trying to access array offset on value of type null in F:\xampp\htdocs\kcg\wp-content\plugins\kcg-addons\widgets\strategy\widget.php on line 386
[01-Jun-2021 17:28:59 UTC] PHP Notice:  Trying to access array offset on value of type null in F:\xampp\htdocs\kcg\wp-content\plugins\kcg-addons\widgets\strategy\widget.php on line 385
[01-Jun-2021 17:28:59 UTC] PHP Notice:  Trying to access array offset on value of type null in F:\xampp\htdocs\kcg\wp-content\plugins\kcg-addons\widgets\strategy\widget.php on line 386
[01-Jun-2021 17:28:59 UTC] PHP Notice:  Undefined variable: item in F:\xampp\htdocs\kcg\wp-content\plugins\kcg-addons\widgets\strategy-content\widget.php on line 151
[01-Jun-2021 17:28:59 UTC] PHP Notice:  Trying to access array offset on value of type null in F:\xampp\htdocs\kcg\wp-content\plugins\kcg-addons\widgets\strategy-content\widget.php on line 151
[01-Jun-2021 17:29:37 UTC] PHP Warning:  Illegal string offset 'id' in F:\xampp\htdocs\kcg\wp-content\plugins\kcg-addons\widgets\strategy\widget.php on line 421
[01-Jun-2021 17:29:37 UTC] PHP Notice:  Trying to access array offset on value of type null in F:\xampp\htdocs\kcg\wp-content\plugins\kcg-addons\widgets\strategy\widget.php on line 385
[01-Jun-2021 17:29:37 UTC] PHP Notice:  Trying to access array offset on value of type null in F:\xampp\htdocs\kcg\wp-content\plugins\kcg-addons\widgets\strategy\widget.php on line 386
[01-Jun-2021 17:29:37 UTC] PHP Notice:  Trying to access array offset on value of type null in F:\xampp\htdocs\kcg\wp-content\plugins\kcg-addons\widgets\strategy\widget.php on line 385
[01-Jun-2021 17:29:37 UTC] PHP Notice:  Trying to access array offset on value of type null in F:\xampp\htdocs\kcg\wp-content\plugins\kcg-addons\widgets\strategy\widget.php on line 386
[01-Jun-2021 17:29:37 UTC] PHP Notice:  Undefined variable: item in F:\xampp\htdocs\kcg\wp-content\plugins\kcg-addons\widgets\strategy-content\widget.php on line 151
[01-Jun-2021 17:29:37 UTC] PHP Notice:  Trying to access array offset on value of type null in F:\xampp\htdocs\kcg\wp-content\plugins\kcg-addons\widgets\strategy-content\widget.php on line 151
[01-Jun-2021 17:29:58 UTC] PHP Warning:  Illegal string offset 'id' in F:\xampp\htdocs\kcg\wp-content\plugins\kcg-addons\widgets\strategy\widget.php on line 421
[01-Jun-2021 17:29:58 UTC] PHP Notice:  Trying to access array offset on value of type null in F:\xampp\htdocs\kcg\wp-content\plugins\kcg-addons\widgets\strategy\widget.php on line 385
[01-Jun-2021 17:29:58 UTC] PHP Notice:  Trying to access array offset on value of type null in F:\xampp\htdocs\kcg\wp-content\plugins\kcg-addons\widgets\strategy\widget.php on line 386
[01-Jun-2021 17:29:58 UTC] PHP Notice:  Trying to access array offset on value of type null in F:\xampp\htdocs\kcg\wp-content\plugins\kcg-addons\widgets\strategy\widget.php on line 385
[01-Jun-2021 17:29:58 UTC] PHP Notice:  Trying to access array offset on value of type null in F:\xampp\htdocs\kcg\wp-content\plugins\kcg-addons\widgets\strategy\widget.php on line 386
[01-Jun-2021 17:29:58 UTC] PHP Notice:  Undefined variable: item in F:\xampp\htdocs\kcg\wp-content\plugins\kcg-addons\widgets\strategy-content\widget.php on line 151
[01-Jun-2021 17:29:58 UTC] PHP Notice:  Trying to access array offset on value of type null in F:\xampp\htdocs\kcg\wp-content\plugins\kcg-addons\widgets\strategy-content\widget.php on line 151
[01-Jun-2021 17:31:11 UTC] PHP Warning:  Illegal string offset 'id' in F:\xampp\htdocs\kcg\wp-content\plugins\kcg-addons\widgets\strategy\widget.php on line 421
[01-Jun-2021 17:31:11 UTC] PHP Notice:  Trying to access array offset on value of type null in F:\xampp\htdocs\kcg\wp-content\plugins\kcg-addons\widgets\strategy\widget.php on line 385
[01-Jun-2021 17:31:11 UTC] PHP Notice:  Trying to access array offset on value of type null in F:\xampp\htdocs\kcg\wp-content\plugins\kcg-addons\widgets\strategy\widget.php on line 386
[01-Jun-2021 17:31:11 UTC] PHP Notice:  Trying to access array offset on value of type null in F:\xampp\htdocs\kcg\wp-content\plugins\kcg-addons\widgets\strategy\widget.php on line 385
[01-Jun-2021 17:31:11 UTC] PHP Notice:  Trying to access array offset on value of type null in F:\xampp\htdocs\kcg\wp-content\plugins\kcg-addons\widgets\strategy\widget.php on line 386
[01-Jun-2021 17:31:11 UTC] PHP Notice:  Undefined variable: item in F:\xampp\htdocs\kcg\wp-content\plugins\kcg-addons\widgets\strategy-content\widget.php on line 151
[01-Jun-2021 17:31:11 UTC] PHP Notice:  Trying to access array offset on value of type null in F:\xampp\htdocs\kcg\wp-content\plugins\kcg-addons\widgets\strategy-content\widget.php on line 151
[01-Jun-2021 17:33:52 UTC] PHP Warning:  Illegal string offset 'id' in F:\xampp\htdocs\kcg\wp-content\plugins\kcg-addons\widgets\strategy\widget.php on line 421
[01-Jun-2021 17:33:52 UTC] PHP Notice:  Trying to access array offset on value of type null in F:\xampp\htdocs\kcg\wp-content\plugins\kcg-addons\widgets\strategy\widget.php on line 385
[01-Jun-2021 17:33:52 UTC] PHP Notice:  Trying to access array offset on value of type null in F:\xampp\htdocs\kcg\wp-content\plugins\kcg-addons\widgets\strategy\widget.php on line 386
[01-Jun-2021 17:33:52 UTC] PHP Notice:  Trying to access array offset on value of type null in F:\xampp\htdocs\kcg\wp-content\plugins\kcg-addons\widgets\strategy\widget.php on line 385
[01-Jun-2021 17:33:52 UTC] PHP Notice:  Trying to access array offset on value of type null in F:\xampp\htdocs\kcg\wp-content\plugins\kcg-addons\widgets\strategy\widget.php on line 386
[01-Jun-2021 17:33:52 UTC] PHP Notice:  Undefined variable: item in F:\xampp\htdocs\kcg\wp-content\plugins\kcg-addons\widgets\strategy-content\widget.php on line 151
[01-Jun-2021 17:33:52 UTC] PHP Notice:  Trying to access array offset on value of type null in F:\xampp\htdocs\kcg\wp-content\plugins\kcg-addons\widgets\strategy-content\widget.php on line 151
[01-Jun-2021 17:34:48 UTC] PHP Warning:  Illegal string offset 'id' in F:\xampp\htdocs\kcg\wp-content\plugins\kcg-addons\widgets\strategy\widget.php on line 421
[01-Jun-2021 17:34:48 UTC] PHP Notice:  Undefined variable: item in F:\xampp\htdocs\kcg\wp-content\plugins\kcg-addons\widgets\strategy-content\widget.php on line 151
[01-Jun-2021 17:34:48 UTC] PHP Notice:  Trying to access array offset on value of type null in F:\xampp\htdocs\kcg\wp-content\plugins\kcg-addons\widgets\strategy-content\widget.php on line 151
[01-Jun-2021 17:34:48 UTC] PHP Warning:  Illegal string offset 'id' in F:\xampp\htdocs\kcg\wp-content\plugins\kcg-addons\widgets\strategy\widget.php on line 421
[01-Jun-2021 17:34:48 UTC] PHP Notice:  Undefined variable: item in F:\xampp\htdocs\kcg\wp-content\plugins\kcg-addons\widgets\strategy-content\widget.php on line 151
[01-Jun-2021 17:34:48 UTC] PHP Notice:  Trying to access array offset on value of type null in F:\xampp\htdocs\kcg\wp-content\plugins\kcg-addons\widgets\strategy-content\widget.php on line 151
[01-Jun-2021 17:34:50 UTC] PHP Warning:  Illegal string offset 'id' in F:\xampp\htdocs\kcg\wp-content\plugins\kcg-addons\widgets\strategy\widget.php on line 421
[01-Jun-2021 17:34:50 UTC] PHP Notice:  Undefined variable: item in F:\xampp\htdocs\kcg\wp-content\plugins\kcg-addons\widgets\strategy-content\widget.php on line 151
[01-Jun-2021 17:34:50 UTC] PHP Notice:  Trying to access array offset on value of type null in F:\xampp\htdocs\kcg\wp-content\plugins\kcg-addons\widgets\strategy-content\widget.php on line 151
[01-Jun-2021 17:35:15 UTC] PHP Warning:  Illegal string offset 'id' in F:\xampp\htdocs\kcg\wp-content\plugins\kcg-addons\widgets\strategy\widget.php on line 421
[01-Jun-2021 17:35:15 UTC] PHP Notice:  Trying to access array offset on value of type null in F:\xampp\htdocs\kcg\wp-content\plugins\kcg-addons\widgets\strategy\widget.php on line 385
[01-Jun-2021 17:35:15 UTC] PHP Notice:  Trying to access array offset on value of type null in F:\xampp\htdocs\kcg\wp-content\plugins\kcg-addons\widgets\strategy\widget.php on line 386
[01-Jun-2021 17:35:15 UTC] PHP Notice:  Trying to access array offset on value of type null in F:\xampp\htdocs\kcg\wp-content\plugins\kcg-addons\widgets\strategy\widget.php on line 385
[01-Jun-2021 17:35:15 UTC] PHP Notice:  Trying to access array offset on value of type null in F:\xampp\htdocs\kcg\wp-content\plugins\kcg-addons\widgets\strategy\widget.php on line 386
[01-Jun-2021 17:35:15 UTC] PHP Notice:  Undefined variable: item in F:\xampp\htdocs\kcg\wp-content\plugins\kcg-addons\widgets\strategy-content\widget.php on line 151
[01-Jun-2021 17:35:15 UTC] PHP Notice:  Trying to access array offset on value of type null in F:\xampp\htdocs\kcg\wp-content\plugins\kcg-addons\widgets\strategy-content\widget.php on line 151
[01-Jun-2021 17:35:16 UTC] PHP Warning:  Illegal string offset 'id' in F:\xampp\htdocs\kcg\wp-content\plugins\kcg-addons\widgets\strategy\widget.php on line 421
[01-Jun-2021 17:35:16 UTC] PHP Notice:  Trying to access array offset on value of type null in F:\xampp\htdocs\kcg\wp-content\plugins\kcg-addons\widgets\strategy\widget.php on line 385
[01-Jun-2021 17:35:16 UTC] PHP Notice:  Trying to access array offset on value of type null in F:\xampp\htdocs\kcg\wp-content\plugins\kcg-addons\widgets\strategy\widget.php on line 386
[01-Jun-2021 17:35:16 UTC] PHP Notice:  Trying to access array offset on value of type null in F:\xampp\htdocs\kcg\wp-content\plugins\kcg-addons\widgets\strategy\widget.php on line 385
[01-Jun-2021 17:35:16 UTC] PHP Notice:  Trying to access array offset on value of type null in F:\xampp\htdocs\kcg\wp-content\plugins\kcg-addons\widgets\strategy\widget.php on line 386
[01-Jun-2021 17:35:16 UTC] PHP Notice:  Undefined variable: item in F:\xampp\htdocs\kcg\wp-content\plugins\kcg-addons\widgets\strategy-content\widget.php on line 151
[01-Jun-2021 17:35:16 UTC] PHP Notice:  Trying to access array offset on value of type null in F:\xampp\htdocs\kcg\wp-content\plugins\kcg-addons\widgets\strategy-content\widget.php on line 151
[01-Jun-2021 17:35:17 UTC] PHP Warning:  Illegal string offset 'id' in F:\xampp\htdocs\kcg\wp-content\plugins\kcg-addons\widgets\strategy\widget.php on line 421
[01-Jun-2021 17:35:17 UTC] PHP Notice:  Trying to access array offset on value of type null in F:\xampp\htdocs\kcg\wp-content\plugins\kcg-addons\widgets\strategy\widget.php on line 385
[01-Jun-2021 17:35:17 UTC] PHP Notice:  Trying to access array offset on value of type null in F:\xampp\htdocs\kcg\wp-content\plugins\kcg-addons\widgets\strategy\widget.php on line 386
[01-Jun-2021 17:35:17 UTC] PHP Notice:  Trying to access array offset on value of type null in F:\xampp\htdocs\kcg\wp-content\plugins\kcg-addons\widgets\strategy\widget.php on line 385
[01-Jun-2021 17:35:17 UTC] PHP Notice:  Trying to access array offset on value of type null in F:\xampp\htdocs\kcg\wp-content\plugins\kcg-addons\widgets\strategy\widget.php on line 386
[01-Jun-2021 17:35:17 UTC] PHP Notice:  Undefined variable: item in F:\xampp\htdocs\kcg\wp-content\plugins\kcg-addons\widgets\strategy-content\widget.php on line 151
[01-Jun-2021 17:35:17 UTC] PHP Notice:  Trying to access array offset on value of type null in F:\xampp\htdocs\kcg\wp-content\plugins\kcg-addons\widgets\strategy-content\widget.php on line 151
[01-Jun-2021 17:35:38 UTC] PHP Warning:  Illegal string offset 'id' in F:\xampp\htdocs\kcg\wp-content\plugins\kcg-addons\widgets\strategy\widget.php on line 422
[01-Jun-2021 17:35:38 UTC] PHP Notice:  Trying to access array offset on value of type null in F:\xampp\htdocs\kcg\wp-content\plugins\kcg-addons\widgets\strategy\widget.php on line 385
[01-Jun-2021 17:35:38 UTC] PHP Notice:  Trying to access array offset on value of type null in F:\xampp\htdocs\kcg\wp-content\plugins\kcg-addons\widgets\strategy\widget.php on line 386
[01-Jun-2021 17:35:38 UTC] PHP Notice:  Trying to access array offset on value of type null in F:\xampp\htdocs\kcg\wp-content\plugins\kcg-addons\widgets\strategy\widget.php on line 387
[01-Jun-2021 17:35:38 UTC] PHP Notice:  Trying to access array offset on value of type null in F:\xampp\htdocs\kcg\wp-content\plugins\kcg-addons\widgets\strategy\widget.php on line 385
[01-Jun-2021 17:35:38 UTC] PHP Notice:  Trying to access array offset on value of type null in F:\xampp\htdocs\kcg\wp-content\plugins\kcg-addons\widgets\strategy\widget.php on line 386
[01-Jun-2021 17:35:38 UTC] PHP Notice:  Trying to access array offset on value of type null in F:\xampp\htdocs\kcg\wp-content\plugins\kcg-addons\widgets\strategy\widget.php on line 387
[01-Jun-2021 17:35:38 UTC] PHP Notice:  Undefined variable: item in F:\xampp\htdocs\kcg\wp-content\plugins\kcg-addons\widgets\strategy-content\widget.php on line 151
[01-Jun-2021 17:35:38 UTC] PHP Notice:  Trying to access array offset on value of type null in F:\xampp\htdocs\kcg\wp-content\plugins\kcg-addons\widgets\strategy-content\widget.php on line 151
[01-Jun-2021 17:35:39 UTC] PHP Warning:  Illegal string offset 'id' in F:\xampp\htdocs\kcg\wp-content\plugins\kcg-addons\widgets\strategy\widget.php on line 422
[01-Jun-2021 17:35:39 UTC] PHP Notice:  Trying to access array offset on value of type null in F:\xampp\htdocs\kcg\wp-content\plugins\kcg-addons\widgets\strategy\widget.php on line 385
[01-Jun-2021 17:35:39 UTC] PHP Notice:  Trying to access array offset on value of type null in F:\xampp\htdocs\kcg\wp-content\plugins\kcg-addons\widgets\strategy\widget.php on line 386
[01-Jun-2021 17:35:39 UTC] PHP Notice:  Trying to access array offset on value of type null in F:\xampp\htdocs\kcg\wp-content\plugins\kcg-addons\widgets\strategy\widget.php on line 387
[01-Jun-2021 17:35:39 UTC] PHP Notice:  Trying to access array offset on value of type null in F:\xampp\htdocs\kcg\wp-content\plugins\kcg-addons\widgets\strategy\widget.php on line 385
[01-Jun-2021 17:35:39 UTC] PHP Notice:  Trying to access array offset on value of type null in F:\xampp\htdocs\kcg\wp-content\plugins\kcg-addons\widgets\strategy\widget.php on line 386
[01-Jun-2021 17:35:39 UTC] PHP Notice:  Trying to access array offset on value of type null in F:\xampp\htdocs\kcg\wp-content\plugins\kcg-addons\widgets\strategy\widget.php on line 387
[01-Jun-2021 17:35:39 UTC] PHP Notice:  Undefined variable: item in F:\xampp\htdocs\kcg\wp-content\plugins\kcg-addons\widgets\strategy-content\widget.php on line 151
[01-Jun-2021 17:35:39 UTC] PHP Notice:  Trying to access array offset on value of type null in F:\xampp\htdocs\kcg\wp-content\plugins\kcg-addons\widgets\strategy-content\widget.php on line 151
[01-Jun-2021 17:35:40 UTC] PHP Warning:  Illegal string offset 'id' in F:\xampp\htdocs\kcg\wp-content\plugins\kcg-addons\widgets\strategy\widget.php on line 422
[01-Jun-2021 17:35:40 UTC] PHP Notice:  Trying to access array offset on value of type null in F:\xampp\htdocs\kcg\wp-content\plugins\kcg-addons\widgets\strategy\widget.php on line 385
[01-Jun-2021 17:35:40 UTC] PHP Notice:  Trying to access array offset on value of type null in F:\xampp\htdocs\kcg\wp-content\plugins\kcg-addons\widgets\strategy\widget.php on line 386
[01-Jun-2021 17:35:40 UTC] PHP Notice:  Trying to access array offset on value of type null in F:\xampp\htdocs\kcg\wp-content\plugins\kcg-addons\widgets\strategy\widget.php on line 387
[01-Jun-2021 17:35:40 UTC] PHP Notice:  Trying to access array offset on value of type null in F:\xampp\htdocs\kcg\wp-content\plugins\kcg-addons\widgets\strategy\widget.php on line 385
[01-Jun-2021 17:35:40 UTC] PHP Notice:  Trying to access array offset on value of type null in F:\xampp\htdocs\kcg\wp-content\plugins\kcg-addons\widgets\strategy\widget.php on line 386
[01-Jun-2021 17:35:40 UTC] PHP Notice:  Trying to access array offset on value of type null in F:\xampp\htdocs\kcg\wp-content\plugins\kcg-addons\widgets\strategy\widget.php on line 387
[01-Jun-2021 17:35:40 UTC] PHP Notice:  Undefined variable: item in F:\xampp\htdocs\kcg\wp-content\plugins\kcg-addons\widgets\strategy-content\widget.php on line 151
[01-Jun-2021 17:35:40 UTC] PHP Notice:  Trying to access array offset on value of type null in F:\xampp\htdocs\kcg\wp-content\plugins\kcg-addons\widgets\strategy-content\widget.php on line 151
[01-Jun-2021 17:36:06 UTC] PHP Warning:  Illegal string offset 'id' in F:\xampp\htdocs\kcg\wp-content\plugins\kcg-addons\widgets\strategy\widget.php on line 422
[01-Jun-2021 17:36:06 UTC] PHP Notice:  Trying to access array offset on value of type null in F:\xampp\htdocs\kcg\wp-content\plugins\kcg-addons\widgets\strategy\widget.php on line 385
[01-Jun-2021 17:36:06 UTC] PHP Notice:  Trying to access array offset on value of type null in F:\xampp\htdocs\kcg\wp-content\plugins\kcg-addons\widgets\strategy\widget.php on line 386
[01-Jun-2021 17:36:06 UTC] PHP Notice:  Trying to access array offset on value of type null in F:\xampp\htdocs\kcg\wp-content\plugins\kcg-addons\widgets\strategy\widget.php on line 387
[01-Jun-2021 17:36:06 UTC] PHP Notice:  Trying to access array offset on value of type null in F:\xampp\htdocs\kcg\wp-content\plugins\kcg-addons\widgets\strategy\widget.php on line 385
[01-Jun-2021 17:36:06 UTC] PHP Notice:  Trying to access array offset on value of type null in F:\xampp\htdocs\kcg\wp-content\plugins\kcg-addons\widgets\strategy\widget.php on line 386
[01-Jun-2021 17:36:06 UTC] PHP Notice:  Trying to access array offset on value of type null in F:\xampp\htdocs\kcg\wp-content\plugins\kcg-addons\widgets\strategy\widget.php on line 387
[01-Jun-2021 17:36:06 UTC] PHP Notice:  Undefined variable: item in F:\xampp\htdocs\kcg\wp-content\plugins\kcg-addons\widgets\strategy-content\widget.php on line 151
[01-Jun-2021 17:36:06 UTC] PHP Notice:  Trying to access array offset on value of type null in F:\xampp\htdocs\kcg\wp-content\plugins\kcg-addons\widgets\strategy-content\widget.php on line 151
[01-Jun-2021 17:36:42 UTC] PHP Warning:  Illegal string offset 'id' in F:\xampp\htdocs\kcg\wp-content\plugins\kcg-addons\widgets\strategy\widget.php on line 421
[01-Jun-2021 17:36:42 UTC] PHP Notice:  Trying to access array offset on value of type null in F:\xampp\htdocs\kcg\wp-content\plugins\kcg-addons\widgets\strategy\widget.php on line 385
[01-Jun-2021 17:36:42 UTC] PHP Notice:  Trying to access array offset on value of type null in F:\xampp\htdocs\kcg\wp-content\plugins\kcg-addons\widgets\strategy\widget.php on line 386
[01-Jun-2021 17:36:42 UTC] PHP Notice:  Trying to access array offset on value of type null in F:\xampp\htdocs\kcg\wp-content\plugins\kcg-addons\widgets\strategy\widget.php on line 385
[01-Jun-2021 17:36:42 UTC] PHP Notice:  Trying to access array offset on value of type null in F:\xampp\htdocs\kcg\wp-content\plugins\kcg-addons\widgets\strategy\widget.php on line 386
[01-Jun-2021 17:36:42 UTC] PHP Notice:  Undefined variable: item in F:\xampp\htdocs\kcg\wp-content\plugins\kcg-addons\widgets\strategy-content\widget.php on line 151
[01-Jun-2021 17:36:42 UTC] PHP Notice:  Trying to access array offset on value of type null in F:\xampp\htdocs\kcg\wp-content\plugins\kcg-addons\widgets\strategy-content\widget.php on line 151
[01-Jun-2021 17:38:47 UTC] PHP Warning:  Illegal string offset 'id' in F:\xampp\htdocs\kcg\wp-content\plugins\kcg-addons\widgets\strategy\widget.php on line 422
[01-Jun-2021 17:38:47 UTC] PHP Notice:  Trying to access array offset on value of type null in F:\xampp\htdocs\kcg\wp-content\plugins\kcg-addons\widgets\strategy\widget.php on line 386
[01-Jun-2021 17:38:47 UTC] PHP Notice:  Trying to access array offset on value of type null in F:\xampp\htdocs\kcg\wp-content\plugins\kcg-addons\widgets\strategy\widget.php on line 387
[01-Jun-2021 17:38:47 UTC] PHP Notice:  Trying to access array offset on value of type null in F:\xampp\htdocs\kcg\wp-content\plugins\kcg-addons\widgets\strategy\widget.php on line 386
[01-Jun-2021 17:38:47 UTC] PHP Notice:  Trying to access array offset on value of type null in F:\xampp\htdocs\kcg\wp-content\plugins\kcg-addons\widgets\strategy\widget.php on line 387
[01-Jun-2021 17:38:47 UTC] PHP Notice:  Undefined variable: item in F:\xampp\htdocs\kcg\wp-content\plugins\kcg-addons\widgets\strategy-content\widget.php on line 151
[01-Jun-2021 17:38:47 UTC] PHP Notice:  Trying to access array offset on value of type null in F:\xampp\htdocs\kcg\wp-content\plugins\kcg-addons\widgets\strategy-content\widget.php on line 151
[01-Jun-2021 17:39:54 UTC] PHP Warning:  Illegal string offset 'id' in F:\xampp\htdocs\kcg\wp-content\plugins\kcg-addons\widgets\strategy\widget.php on line 422
[01-Jun-2021 17:39:54 UTC] PHP Notice:  Trying to access array offset on value of type null in F:\xampp\htdocs\kcg\wp-content\plugins\kcg-addons\widgets\strategy\widget.php on line 386
[01-Jun-2021 17:39:54 UTC] PHP Notice:  Trying to access array offset on value of type null in F:\xampp\htdocs\kcg\wp-content\plugins\kcg-addons\widgets\strategy\widget.php on line 387
[01-Jun-2021 17:39:54 UTC] PHP Notice:  Trying to access array offset on value of type null in F:\xampp\htdocs\kcg\wp-content\plugins\kcg-addons\widgets\strategy\widget.php on line 386
[01-Jun-2021 17:39:54 UTC] PHP Notice:  Trying to access array offset on value of type null in F:\xampp\htdocs\kcg\wp-content\plugins\kcg-addons\widgets\strategy\widget.php on line 387
[01-Jun-2021 17:39:54 UTC] PHP Notice:  Undefined variable: item in F:\xampp\htdocs\kcg\wp-content\plugins\kcg-addons\widgets\strategy-content\widget.php on line 151
[01-Jun-2021 17:39:54 UTC] PHP Notice:  Trying to access array offset on value of type null in F:\xampp\htdocs\kcg\wp-content\plugins\kcg-addons\widgets\strategy-content\widget.php on line 151
[01-Jun-2021 17:41:43 UTC] PHP Warning:  Illegal string offset 'id' in F:\xampp\htdocs\kcg\wp-content\plugins\kcg-addons\widgets\strategy\widget.php on line 421
[01-Jun-2021 17:41:43 UTC] PHP Notice:  Trying to access array offset on value of type null in F:\xampp\htdocs\kcg\wp-content\plugins\kcg-addons\widgets\strategy\widget.php on line 386
[01-Jun-2021 17:41:43 UTC] PHP Notice:  Trying to access array offset on value of type null in F:\xampp\htdocs\kcg\wp-content\plugins\kcg-addons\widgets\strategy\widget.php on line 386
[01-Jun-2021 17:41:43 UTC] PHP Notice:  Undefined variable: item in F:\xampp\htdocs\kcg\wp-content\plugins\kcg-addons\widgets\strategy-content\widget.php on line 151
[01-Jun-2021 17:41:43 UTC] PHP Notice:  Trying to access array offset on value of type null in F:\xampp\htdocs\kcg\wp-content\plugins\kcg-addons\widgets\strategy-content\widget.php on line 151
[01-Jun-2021 17:42:14 UTC] PHP Warning:  Illegal string offset 'id' in F:\xampp\htdocs\kcg\wp-content\plugins\kcg-addons\widgets\strategy\widget.php on line 421
[01-Jun-2021 17:42:14 UTC] PHP Notice:  Undefined variable: item in F:\xampp\htdocs\kcg\wp-content\plugins\kcg-addons\widgets\strategy-content\widget.php on line 151
[01-Jun-2021 17:42:14 UTC] PHP Notice:  Trying to access array offset on value of type null in F:\xampp\htdocs\kcg\wp-content\plugins\kcg-addons\widgets\strategy-content\widget.php on line 151
[01-Jun-2021 17:42:34 UTC] PHP Warning:  Illegal string offset 'id' in F:\xampp\htdocs\kcg\wp-content\plugins\kcg-addons\widgets\strategy\widget.php on line 421
[01-Jun-2021 17:42:34 UTC] PHP Notice:  Undefined variable: item in F:\xampp\htdocs\kcg\wp-content\plugins\kcg-addons\widgets\strategy-content\widget.php on line 151
[01-Jun-2021 17:42:34 UTC] PHP Notice:  Trying to access array offset on value of type null in F:\xampp\htdocs\kcg\wp-content\plugins\kcg-addons\widgets\strategy-content\widget.php on line 151
[01-Jun-2021 17:42:36 UTC] PHP Warning:  Illegal string offset 'id' in F:\xampp\htdocs\kcg\wp-content\plugins\kcg-addons\widgets\strategy\widget.php on line 421
[01-Jun-2021 17:42:36 UTC] PHP Notice:  Undefined variable: item in F:\xampp\htdocs\kcg\wp-content\plugins\kcg-addons\widgets\strategy-content\widget.php on line 151
[01-Jun-2021 17:42:36 UTC] PHP Notice:  Trying to access array offset on value of type null in F:\xampp\htdocs\kcg\wp-content\plugins\kcg-addons\widgets\strategy-content\widget.php on line 151
[01-Jun-2021 17:43:40 UTC] PHP Warning:  Illegal string offset 'id' in F:\xampp\htdocs\kcg\wp-content\plugins\kcg-addons\widgets\strategy\widget.php on line 421
[01-Jun-2021 17:43:40 UTC] PHP Notice:  Undefined variable: item in F:\xampp\htdocs\kcg\wp-content\plugins\kcg-addons\widgets\strategy-content\widget.php on line 151
[01-Jun-2021 17:43:40 UTC] PHP Notice:  Trying to access array offset on value of type null in F:\xampp\htdocs\kcg\wp-content\plugins\kcg-addons\widgets\strategy-content\widget.php on line 151
[01-Jun-2021 17:44:15 UTC] PHP Warning:  Illegal string offset 'id' in F:\xampp\htdocs\kcg\wp-content\plugins\kcg-addons\widgets\strategy\widget.php on line 421
[01-Jun-2021 17:44:15 UTC] PHP Notice:  Undefined variable: item in F:\xampp\htdocs\kcg\wp-content\plugins\kcg-addons\widgets\strategy-content\widget.php on line 151
[01-Jun-2021 17:44:15 UTC] PHP Notice:  Trying to access array offset on value of type null in F:\xampp\htdocs\kcg\wp-content\plugins\kcg-addons\widgets\strategy-content\widget.php on line 151
[01-Jun-2021 17:47:04 UTC] PHP Warning:  Illegal string offset 'id' in F:\xampp\htdocs\kcg\wp-content\plugins\kcg-addons\widgets\strategy\widget.php on line 421
[01-Jun-2021 18:01:42 UTC] PHP Warning:  Illegal string offset 'id' in F:\xampp\htdocs\kcg\wp-content\plugins\kcg-addons\widgets\strategy\widget.php on line 421
[01-Jun-2021 18:03:53 UTC] PHP Notice:  register_post_type was called <strong>incorrectly</strong>. Post type names must be between 1 and 20 characters in length. Please see <a href="https://wordpress.org/support/article/debugging-in-wordpress/">Debugging in WordPress</a> for more information. (This message was added in version 4.2.0.) in F:\xampp\htdocs\kcg\wp-includes\functions.php on line 5313
[01-Jun-2021 18:04:04 UTC] PHP Notice:  register_post_type was called <strong>incorrectly</strong>. Post type names must be between 1 and 20 characters in length. Please see <a href="https://wordpress.org/support/article/debugging-in-wordpress/">Debugging in WordPress</a> for more information. (This message was added in version 4.2.0.) in F:\xampp\htdocs\kcg\wp-includes\functions.php on line 5313
[01-Jun-2021 18:04:05 UTC] PHP Notice:  register_post_type was called <strong>incorrectly</strong>. Post type names must be between 1 and 20 characters in length. Please see <a href="https://wordpress.org/support/article/debugging-in-wordpress/">Debugging in WordPress</a> for more information. (This message was added in version 4.2.0.) in F:\xampp\htdocs\kcg\wp-includes\functions.php on line 5313
[01-Jun-2021 18:04:06 UTC] PHP Notice:  register_post_type was called <strong>incorrectly</strong>. Post type names must be between 1 and 20 characters in length. Please see <a href="https://wordpress.org/support/article/debugging-in-wordpress/">Debugging in WordPress</a> for more information. (This message was added in version 4.2.0.) in F:\xampp\htdocs\kcg\wp-includes\functions.php on line 5313
[01-Jun-2021 18:04:08 UTC] PHP Notice:  register_post_type was called <strong>incorrectly</strong>. Post type names must be between 1 and 20 characters in length. Please see <a href="https://wordpress.org/support/article/debugging-in-wordpress/">Debugging in WordPress</a> for more information. (This message was added in version 4.2.0.) in F:\xampp\htdocs\kcg\wp-includes\functions.php on line 5313
[01-Jun-2021 18:04:13 UTC] PHP Notice:  register_post_type was called <strong>incorrectly</strong>. Post type names must be between 1 and 20 characters in length. Please see <a href="https://wordpress.org/support/article/debugging-in-wordpress/">Debugging in WordPress</a> for more information. (This message was added in version 4.2.0.) in F:\xampp\htdocs\kcg\wp-includes\functions.php on line 5313
[01-Jun-2021 18:04:21 UTC] PHP Notice:  register_post_type was called <strong>incorrectly</strong>. Post type names must be between 1 and 20 characters in length. Please see <a href="https://wordpress.org/support/article/debugging-in-wordpress/">Debugging in WordPress</a> for more information. (This message was added in version 4.2.0.) in F:\xampp\htdocs\kcg\wp-includes\functions.php on line 5313
[01-Jun-2021 18:04:36 UTC] PHP Notice:  register_post_type was called <strong>incorrectly</strong>. Post type names must be between 1 and 20 characters in length. Please see <a href="https://wordpress.org/support/article/debugging-in-wordpress/">Debugging in WordPress</a> for more information. (This message was added in version 4.2.0.) in F:\xampp\htdocs\kcg\wp-includes\functions.php on line 5313
[01-Jun-2021 18:05:35 UTC] PHP Notice:  register_post_type was called <strong>incorrectly</strong>. Post type names must be between 1 and 20 characters in length. Please see <a href="https://wordpress.org/support/article/debugging-in-wordpress/">Debugging in WordPress</a> for more information. (This message was added in version 4.2.0.) in F:\xampp\htdocs\kcg\wp-includes\functions.php on line 5313
[01-Jun-2021 18:06:09 UTC] PHP Notice:  register_post_type was called <strong>incorrectly</strong>. Post type names must be between 1 and 20 characters in length. Please see <a href="https://wordpress.org/support/article/debugging-in-wordpress/">Debugging in WordPress</a> for more information. (This message was added in version 4.2.0.) in F:\xampp\htdocs\kcg\wp-includes\functions.php on line 5313
[01-Jun-2021 18:06:14 UTC] PHP Notice:  register_post_type was called <strong>incorrectly</strong>. Post type names must be between 1 and 20 characters in length. Please see <a href="https://wordpress.org/support/article/debugging-in-wordpress/">Debugging in WordPress</a> for more information. (This message was added in version 4.2.0.) in F:\xampp\htdocs\kcg\wp-includes\functions.php on line 5313
[01-Jun-2021 18:06:15 UTC] PHP Notice:  register_post_type was called <strong>incorrectly</strong>. Post type names must be between 1 and 20 characters in length. Please see <a href="https://wordpress.org/support/article/debugging-in-wordpress/">Debugging in WordPress</a> for more information. (This message was added in version 4.2.0.) in F:\xampp\htdocs\kcg\wp-includes\functions.php on line 5313
[01-Jun-2021 18:06:30 UTC] PHP Notice:  register_post_type was called <strong>incorrectly</strong>. Post type names must be between 1 and 20 characters in length. Please see <a href="https://wordpress.org/support/article/debugging-in-wordpress/">Debugging in WordPress</a> for more information. (This message was added in version 4.2.0.) in F:\xampp\htdocs\kcg\wp-includes\functions.php on line 5313
[01-Jun-2021 18:06:46 UTC] PHP Notice:  register_post_type was called <strong>incorrectly</strong>. Post type names must be between 1 and 20 characters in length. Please see <a href="https://wordpress.org/support/article/debugging-in-wordpress/">Debugging in WordPress</a> for more information. (This message was added in version 4.2.0.) in F:\xampp\htdocs\kcg\wp-includes\functions.php on line 5313
[01-Jun-2021 18:09:23 UTC] PHP Warning:  require(F:\xampp\htdocs\kcg/wp-content/themes/kcg/inc/testimonial-meta.php): failed to open stream: No such file or directory in F:\xampp\htdocs\kcg\wp-content\themes\kcg\inc\init.php on line 21
[01-Jun-2021 18:09:23 UTC] PHP Fatal error:  require(): Failed opening required 'F:\xampp\htdocs\kcg/wp-content/themes/kcg/inc/testimonial-meta.php' (include_path='F:\xampp\php\PEAR') in F:\xampp\htdocs\kcg\wp-content\themes\kcg\inc\init.php on line 21
[01-Jun-2021 18:09:23 UTC] PHP Notice:  Trying to access array offset on value of type bool in F:\xampp\htdocs\kcg\wp-includes\class-wp-recovery-mode-email-service.php on line 351
[01-Jun-2021 18:09:23 UTC] PHP Notice:  Trying to access array offset on value of type bool in F:\xampp\htdocs\kcg\wp-includes\class-wp-recovery-mode-email-service.php on line 352
[01-Jun-2021 18:09:37 UTC] PHP Warning:  require(F:\xampp\htdocs\kcg/wp-content/themes/kcg/inc/testimonial-meta.php): failed to open stream: No such file or directory in F:\xampp\htdocs\kcg\wp-content\themes\kcg\inc\init.php on line 21
[01-Jun-2021 18:09:37 UTC] PHP Fatal error:  require(): Failed opening required 'F:\xampp\htdocs\kcg/wp-content/themes/kcg/inc/testimonial-meta.php' (include_path='F:\xampp\php\PEAR') in F:\xampp\htdocs\kcg\wp-content\themes\kcg\inc\init.php on line 21
[01-Jun-2021 18:10:08 UTC] PHP Warning:  require(F:\xampp\htdocs\kcg/wp-content/themes/kcg/inc/testimonial-meta.php): failed to open stream: No such file or directory in F:\xampp\htdocs\kcg\wp-content\themes\kcg\inc\init.php on line 21
[01-Jun-2021 18:10:08 UTC] PHP Fatal error:  require(): Failed opening required 'F:\xampp\htdocs\kcg/wp-content/themes/kcg/inc/testimonial-meta.php' (include_path='F:\xampp\php\PEAR') in F:\xampp\htdocs\kcg\wp-content\themes\kcg\inc\init.php on line 21
[01-Jun-2021 18:10:13 UTC] PHP Warning:  require(F:\xampp\htdocs\kcg/wp-content/themes/kcg/inc/testimonial-meta.php): failed to open stream: No such file or directory in F:\xampp\htdocs\kcg\wp-content\themes\kcg\inc\init.php on line 21
[01-Jun-2021 18:10:13 UTC] PHP Fatal error:  require(): Failed opening required 'F:\xampp\htdocs\kcg/wp-content/themes/kcg/inc/testimonial-meta.php' (include_path='F:\xampp\php\PEAR') in F:\xampp\htdocs\kcg\wp-content\themes\kcg\inc\init.php on line 21
[01-Jun-2021 18:10:16 UTC] PHP Warning:  require(F:\xampp\htdocs\kcg/wp-content/themes/kcg/inc/testimonial-meta.php): failed to open stream: No such file or directory in F:\xampp\htdocs\kcg\wp-content\themes\kcg\inc\init.php on line 21
[01-Jun-2021 18:10:16 UTC] PHP Fatal error:  require(): Failed opening required 'F:\xampp\htdocs\kcg/wp-content/themes/kcg/inc/testimonial-meta.php' (include_path='F:\xampp\php\PEAR') in F:\xampp\htdocs\kcg\wp-content\themes\kcg\inc\init.php on line 21
[01-Jun-2021 18:10:18 UTC] PHP Warning:  require(F:\xampp\htdocs\kcg/wp-content/themes/kcg/inc/testimonial-meta.php): failed to open stream: No such file or directory in F:\xampp\htdocs\kcg\wp-content\themes\kcg\inc\init.php on line 21
[01-Jun-2021 18:10:18 UTC] PHP Fatal error:  require(): Failed opening required 'F:\xampp\htdocs\kcg/wp-content/themes/kcg/inc/testimonial-meta.php' (include_path='F:\xampp\php\PEAR') in F:\xampp\htdocs\kcg\wp-content\themes\kcg\inc\init.php on line 21
[01-Jun-2021 18:29:38 UTC] PHP Warning:  Illegal string offset 'id' in F:\xampp\htdocs\kcg\wp-content\plugins\kcg-addons\widgets\strategy\widget.php on line 421
[01-Jun-2021 18:31:03 UTC] PHP Warning:  Illegal string offset 'id' in F:\xampp\htdocs\kcg\wp-content\plugins\kcg-addons\widgets\strategy\widget.php on line 421
[01-Jun-2021 18:32:03 UTC] PHP Warning:  Illegal string offset 'id' in F:\xampp\htdocs\kcg\wp-content\plugins\kcg-addons\widgets\strategy\widget.php on line 421
[01-Jun-2021 18:33:23 UTC] PHP Parse error:  syntax error, unexpected ')' in F:\xampp\htdocs\kcg\wp-content\plugins\kcg-addons\widgets\testimonials\widget.php on line 430
[01-Jun-2021 18:39:52 UTC] PHP Parse error:  syntax error, unexpected 'endif' (T_ENDIF) in F:\xampp\htdocs\kcg\wp-content\plugins\kcg-addons\widgets\testimonials\widget.php on line 509
[01-Jun-2021 18:40:03 UTC] PHP Parse error:  syntax error, unexpected 'endif' (T_ENDIF) in F:\xampp\htdocs\kcg\wp-content\plugins\kcg-addons\widgets\testimonials\widget.php on line 509
[01-Jun-2021 18:41:36 UTC] PHP Warning:  Illegal string offset 'id' in F:\xampp\htdocs\kcg\wp-content\plugins\kcg-addons\widgets\strategy\widget.php on line 421
[01-Jun-2021 18:42:02 UTC] PHP Warning:  Illegal string offset 'id' in F:\xampp\htdocs\kcg\wp-content\plugins\kcg-addons\widgets\strategy\widget.php on line 421
[01-Jun-2021 18:43:00 UTC] PHP Warning:  Illegal string offset 'id' in F:\xampp\htdocs\kcg\wp-content\plugins\kcg-addons\widgets\strategy\widget.php on line 421
[01-Jun-2021 18:43:00 UTC] PHP Notice:  Undefined variable: order_by in F:\xampp\htdocs\kcg\wp-content\plugins\kcg-addons\widgets\testimonials\widget.php on line 464
[01-Jun-2021 18:43:00 UTC] PHP Notice:  Undefined variable: order in F:\xampp\htdocs\kcg\wp-content\plugins\kcg-addons\widgets\testimonials\widget.php on line 465
[01-Jun-2021 18:43:00 UTC] PHP Notice:  Undefined variable: per_page in F:\xampp\htdocs\kcg\wp-content\plugins\kcg-addons\widgets\testimonials\widget.php on line 466
[01-Jun-2021 18:43:00 UTC] PHP Notice:  Undefined variable: paged in F:\xampp\htdocs\kcg\wp-content\plugins\kcg-addons\widgets\testimonials\widget.php on line 467
[01-Jun-2021 18:43:00 UTC] PHP Notice:  Undefined variable: i in F:\xampp\htdocs\kcg\wp-content\plugins\kcg-addons\widgets\testimonials\widget.php on line 491
[01-Jun-2021 18:43:13 UTC] PHP Warning:  Illegal string offset 'id' in F:\xampp\htdocs\kcg\wp-content\plugins\kcg-addons\widgets\strategy\widget.php on line 421
[01-Jun-2021 18:43:13 UTC] PHP Notice:  Undefined variable: order_by in F:\xampp\htdocs\kcg\wp-content\plugins\kcg-addons\widgets\testimonials\widget.php on line 464
[01-Jun-2021 18:43:13 UTC] PHP Notice:  Undefined variable: order in F:\xampp\htdocs\kcg\wp-content\plugins\kcg-addons\widgets\testimonials\widget.php on line 465
[01-Jun-2021 18:43:13 UTC] PHP Notice:  Undefined variable: per_page in F:\xampp\htdocs\kcg\wp-content\plugins\kcg-addons\widgets\testimonials\widget.php on line 466
[01-Jun-2021 18:43:13 UTC] PHP Notice:  Undefined variable: paged in F:\xampp\htdocs\kcg\wp-content\plugins\kcg-addons\widgets\testimonials\widget.php on line 467
[01-Jun-2021 18:43:13 UTC] PHP Notice:  Undefined variable: i in F:\xampp\htdocs\kcg\wp-content\plugins\kcg-addons\widgets\testimonials\widget.php on line 491
[01-Jun-2021 18:45:08 UTC] PHP Warning:  Illegal string offset 'id' in F:\xampp\htdocs\kcg\wp-content\plugins\kcg-addons\widgets\strategy\widget.php on line 421
[01-Jun-2021 18:45:08 UTC] PHP Notice:  Undefined variable: paged in F:\xampp\htdocs\kcg\wp-content\plugins\kcg-addons\widgets\testimonials\widget.php on line 470
[01-Jun-2021 18:45:08 UTC] PHP Notice:  Undefined variable: i in F:\xampp\htdocs\kcg\wp-content\plugins\kcg-addons\widgets\testimonials\widget.php on line 494
[01-Jun-2021 18:45:46 UTC] PHP Warning:  Illegal string offset 'id' in F:\xampp\htdocs\kcg\wp-content\plugins\kcg-addons\widgets\strategy\widget.php on line 421
[01-Jun-2021 18:45:46 UTC] PHP Notice:  Undefined variable: i in F:\xampp\htdocs\kcg\wp-content\plugins\kcg-addons\widgets\testimonials\widget.php on line 495
[01-Jun-2021 18:46:35 UTC] PHP Warning:  Illegal string offset 'id' in F:\xampp\htdocs\kcg\wp-content\plugins\kcg-addons\widgets\strategy\widget.php on line 421
[01-Jun-2021 18:47:17 UTC] PHP Warning:  Illegal string offset 'id' in F:\xampp\htdocs\kcg\wp-content\plugins\kcg-addons\widgets\strategy\widget.php on line 421
